{"/Users/andeladeveloper/PostIt/server/test/user.js":{"path":"/Users/andeladeveloper/PostIt/server/test/user.js","statementMap":{"0":{"start":{"line":3,"column":17},"end":{"line":3,"column":37}},"1":{"start":{"line":5,"column":18},"end":{"line":5,"column":52}},"2":{"start":{"line":7,"column":0},"end":{"line":7,"column":17}},"3":{"start":{"line":9,"column":0},"end":{"line":9,"column":16}},"4":{"start":{"line":11,"column":14},"end":{"line":11,"column":31}},"5":{"start":{"line":13,"column":15},"end":{"line":13,"column":46}},"6":{"start":{"line":15,"column":11},"end":{"line":15,"column":31}},"7":{"start":{"line":17,"column":12},"end":{"line":17,"column":40}},"8":{"start":{"line":19,"column":14},"end":{"line":19,"column":34}},"9":{"start":{"line":21,"column":15},"end":{"line":21,"column":46}},"10":{"start":{"line":23,"column":19},"end":{"line":23,"column":52}},"11":{"start":{"line":25,"column":39},"end":{"line":25,"column":93}},"12":{"start":{"line":27,"column":13},"end":{"line":27,"column":53}},"13":{"start":{"line":29,"column":0},"end":{"line":35,"column":3}},"14":{"start":{"line":30,"column":2},"end":{"line":34,"column":5}},"15":{"start":{"line":31,"column":4},"end":{"line":31,"column":15}},"16":{"start":{"line":33,"column":4},"end":{"line":33,"column":17}},"17":{"start":{"line":37,"column":0},"end":{"line":128,"column":3}},"18":{"start":{"line":38,"column":2},"end":{"line":44,"column":5}},"19":{"start":{"line":39,"column":4},"end":{"line":43,"column":7}},"20":{"start":{"line":40,"column":6},"end":{"line":40,"column":35}},"21":{"start":{"line":41,"column":6},"end":{"line":41,"column":42}},"22":{"start":{"line":42,"column":6},"end":{"line":42,"column":13}},"23":{"start":{"line":46,"column":2},"end":{"line":52,"column":5}},"24":{"start":{"line":47,"column":4},"end":{"line":51,"column":7}},"25":{"start":{"line":48,"column":6},"end":{"line":48,"column":35}},"26":{"start":{"line":49,"column":6},"end":{"line":49,"column":42}},"27":{"start":{"line":50,"column":6},"end":{"line":50,"column":13}},"28":{"start":{"line":54,"column":2},"end":{"line":60,"column":5}},"29":{"start":{"line":55,"column":4},"end":{"line":59,"column":7}},"30":{"start":{"line":56,"column":6},"end":{"line":56,"column":35}},"31":{"start":{"line":57,"column":6},"end":{"line":57,"column":42}},"32":{"start":{"line":58,"column":6},"end":{"line":58,"column":13}},"33":{"start":{"line":62,"column":2},"end":{"line":68,"column":5}},"34":{"start":{"line":63,"column":4},"end":{"line":67,"column":7}},"35":{"start":{"line":64,"column":6},"end":{"line":64,"column":35}},"36":{"start":{"line":65,"column":6},"end":{"line":65,"column":42}},"37":{"start":{"line":66,"column":6},"end":{"line":66,"column":13}},"38":{"start":{"line":70,"column":2},"end":{"line":76,"column":5}},"39":{"start":{"line":71,"column":4},"end":{"line":75,"column":7}},"40":{"start":{"line":72,"column":6},"end":{"line":72,"column":35}},"41":{"start":{"line":73,"column":6},"end":{"line":73,"column":62}},"42":{"start":{"line":74,"column":6},"end":{"line":74,"column":13}},"43":{"start":{"line":78,"column":2},"end":{"line":84,"column":5}},"44":{"start":{"line":79,"column":4},"end":{"line":83,"column":7}},"45":{"start":{"line":80,"column":6},"end":{"line":80,"column":35}},"46":{"start":{"line":81,"column":6},"end":{"line":81,"column":99}},"47":{"start":{"line":82,"column":6},"end":{"line":82,"column":13}},"48":{"start":{"line":86,"column":2},"end":{"line":92,"column":5}},"49":{"start":{"line":87,"column":4},"end":{"line":91,"column":7}},"50":{"start":{"line":88,"column":6},"end":{"line":88,"column":35}},"51":{"start":{"line":89,"column":6},"end":{"line":89,"column":43}},"52":{"start":{"line":90,"column":6},"end":{"line":90,"column":13}},"53":{"start":{"line":93,"column":2},"end":{"line":99,"column":5}},"54":{"start":{"line":94,"column":4},"end":{"line":98,"column":7}},"55":{"start":{"line":95,"column":6},"end":{"line":95,"column":35}},"56":{"start":{"line":96,"column":6},"end":{"line":96,"column":43}},"57":{"start":{"line":97,"column":6},"end":{"line":97,"column":13}},"58":{"start":{"line":100,"column":2},"end":{"line":106,"column":5}},"59":{"start":{"line":101,"column":4},"end":{"line":105,"column":7}},"60":{"start":{"line":102,"column":6},"end":{"line":102,"column":35}},"61":{"start":{"line":103,"column":6},"end":{"line":103,"column":143}},"62":{"start":{"line":104,"column":6},"end":{"line":104,"column":13}},"63":{"start":{"line":107,"column":2},"end":{"line":113,"column":5}},"64":{"start":{"line":108,"column":4},"end":{"line":112,"column":7}},"65":{"start":{"line":109,"column":6},"end":{"line":109,"column":35}},"66":{"start":{"line":110,"column":6},"end":{"line":110,"column":43}},"67":{"start":{"line":111,"column":6},"end":{"line":111,"column":13}},"68":{"start":{"line":114,"column":2},"end":{"line":120,"column":5}},"69":{"start":{"line":115,"column":4},"end":{"line":119,"column":7}},"70":{"start":{"line":116,"column":6},"end":{"line":116,"column":35}},"71":{"start":{"line":117,"column":6},"end":{"line":117,"column":43}},"72":{"start":{"line":118,"column":6},"end":{"line":118,"column":13}},"73":{"start":{"line":121,"column":2},"end":{"line":127,"column":5}},"74":{"start":{"line":122,"column":4},"end":{"line":126,"column":7}},"75":{"start":{"line":123,"column":6},"end":{"line":123,"column":35}},"76":{"start":{"line":124,"column":6},"end":{"line":124,"column":43}},"77":{"start":{"line":125,"column":6},"end":{"line":125,"column":13}},"78":{"start":{"line":130,"column":0},"end":{"line":154,"column":3}},"79":{"start":{"line":131,"column":2},"end":{"line":137,"column":5}},"80":{"start":{"line":132,"column":4},"end":{"line":136,"column":7}},"81":{"start":{"line":133,"column":6},"end":{"line":133,"column":35}},"82":{"start":{"line":134,"column":6},"end":{"line":134,"column":90}},"83":{"start":{"line":135,"column":6},"end":{"line":135,"column":13}},"84":{"start":{"line":139,"column":2},"end":{"line":145,"column":5}},"85":{"start":{"line":140,"column":4},"end":{"line":144,"column":7}},"86":{"start":{"line":141,"column":6},"end":{"line":141,"column":35}},"87":{"start":{"line":142,"column":6},"end":{"line":142,"column":90}},"88":{"start":{"line":143,"column":6},"end":{"line":143,"column":13}},"89":{"start":{"line":147,"column":2},"end":{"line":153,"column":5}},"90":{"start":{"line":148,"column":4},"end":{"line":152,"column":7}},"91":{"start":{"line":149,"column":6},"end":{"line":149,"column":35}},"92":{"start":{"line":150,"column":6},"end":{"line":150,"column":68}},"93":{"start":{"line":151,"column":6},"end":{"line":151,"column":13}}},"fnMap":{"0":{"name":"_interopRequireDefault","decl":{"start":{"line":25,"column":9},"end":{"line":25,"column":31}},"loc":{"start":{"line":25,"column":37},"end":{"line":25,"column":95}},"line":25},"1":{"name":"(anonymous_1)","decl":{"start":{"line":29,"column":7},"end":{"line":29,"column":8}},"loc":{"start":{"line":29,"column":23},"end":{"line":35,"column":1}},"line":29},"2":{"name":"(anonymous_2)","decl":{"start":{"line":30,"column":56},"end":{"line":30,"column":57}},"loc":{"start":{"line":30,"column":68},"end":{"line":32,"column":3}},"line":30},"3":{"name":"(anonymous_3)","decl":{"start":{"line":32,"column":11},"end":{"line":32,"column":12}},"loc":{"start":{"line":32,"column":29},"end":{"line":34,"column":3}},"line":32},"4":{"name":"(anonymous_4)","decl":{"start":{"line":37,"column":30},"end":{"line":37,"column":31}},"loc":{"start":{"line":37,"column":42},"end":{"line":128,"column":1}},"line":37},"5":{"name":"(anonymous_5)","decl":{"start":{"line":38,"column":38},"end":{"line":38,"column":39}},"loc":{"start":{"line":38,"column":54},"end":{"line":44,"column":3}},"line":38},"6":{"name":"(anonymous_6)","decl":{"start":{"line":39,"column":164},"end":{"line":39,"column":165}},"loc":{"start":{"line":39,"column":184},"end":{"line":43,"column":5}},"line":39},"7":{"name":"(anonymous_7)","decl":{"start":{"line":46,"column":38},"end":{"line":46,"column":39}},"loc":{"start":{"line":46,"column":54},"end":{"line":52,"column":3}},"line":46},"8":{"name":"(anonymous_8)","decl":{"start":{"line":47,"column":164},"end":{"line":47,"column":165}},"loc":{"start":{"line":47,"column":184},"end":{"line":51,"column":5}},"line":47},"9":{"name":"(anonymous_9)","decl":{"start":{"line":54,"column":38},"end":{"line":54,"column":39}},"loc":{"start":{"line":54,"column":54},"end":{"line":60,"column":3}},"line":54},"10":{"name":"(anonymous_10)","decl":{"start":{"line":55,"column":164},"end":{"line":55,"column":165}},"loc":{"start":{"line":55,"column":184},"end":{"line":59,"column":5}},"line":55},"11":{"name":"(anonymous_11)","decl":{"start":{"line":62,"column":38},"end":{"line":62,"column":39}},"loc":{"start":{"line":62,"column":54},"end":{"line":68,"column":3}},"line":62},"12":{"name":"(anonymous_12)","decl":{"start":{"line":63,"column":164},"end":{"line":63,"column":165}},"loc":{"start":{"line":63,"column":184},"end":{"line":67,"column":5}},"line":63},"13":{"name":"(anonymous_13)","decl":{"start":{"line":70,"column":46},"end":{"line":70,"column":47}},"loc":{"start":{"line":70,"column":62},"end":{"line":76,"column":3}},"line":70},"14":{"name":"(anonymous_14)","decl":{"start":{"line":71,"column":164},"end":{"line":71,"column":165}},"loc":{"start":{"line":71,"column":184},"end":{"line":75,"column":5}},"line":71},"15":{"name":"(anonymous_15)","decl":{"start":{"line":78,"column":44},"end":{"line":78,"column":45}},"loc":{"start":{"line":78,"column":60},"end":{"line":84,"column":3}},"line":78},"16":{"name":"(anonymous_16)","decl":{"start":{"line":79,"column":169},"end":{"line":79,"column":170}},"loc":{"start":{"line":79,"column":189},"end":{"line":83,"column":5}},"line":79},"17":{"name":"(anonymous_17)","decl":{"start":{"line":86,"column":83},"end":{"line":86,"column":84}},"loc":{"start":{"line":86,"column":99},"end":{"line":92,"column":3}},"line":86},"18":{"name":"(anonymous_18)","decl":{"start":{"line":87,"column":164},"end":{"line":87,"column":165}},"loc":{"start":{"line":87,"column":184},"end":{"line":91,"column":5}},"line":87},"19":{"name":"(anonymous_19)","decl":{"start":{"line":93,"column":88},"end":{"line":93,"column":89}},"loc":{"start":{"line":93,"column":104},"end":{"line":99,"column":3}},"line":93},"20":{"name":"(anonymous_20)","decl":{"start":{"line":94,"column":164},"end":{"line":94,"column":165}},"loc":{"start":{"line":94,"column":184},"end":{"line":98,"column":5}},"line":94},"21":{"name":"(anonymous_21)","decl":{"start":{"line":100,"column":92},"end":{"line":100,"column":93}},"loc":{"start":{"line":100,"column":108},"end":{"line":106,"column":3}},"line":100},"22":{"name":"(anonymous_22)","decl":{"start":{"line":101,"column":164},"end":{"line":101,"column":165}},"loc":{"start":{"line":101,"column":184},"end":{"line":105,"column":5}},"line":101},"23":{"name":"(anonymous_23)","decl":{"start":{"line":107,"column":66},"end":{"line":107,"column":67}},"loc":{"start":{"line":107,"column":82},"end":{"line":113,"column":3}},"line":107},"24":{"name":"(anonymous_24)","decl":{"start":{"line":108,"column":164},"end":{"line":108,"column":165}},"loc":{"start":{"line":108,"column":184},"end":{"line":112,"column":5}},"line":108},"25":{"name":"(anonymous_25)","decl":{"start":{"line":114,"column":60},"end":{"line":114,"column":61}},"loc":{"start":{"line":114,"column":76},"end":{"line":120,"column":3}},"line":114},"26":{"name":"(anonymous_26)","decl":{"start":{"line":115,"column":164},"end":{"line":115,"column":165}},"loc":{"start":{"line":115,"column":184},"end":{"line":119,"column":5}},"line":115},"27":{"name":"(anonymous_27)","decl":{"start":{"line":121,"column":56},"end":{"line":121,"column":57}},"loc":{"start":{"line":121,"column":72},"end":{"line":127,"column":3}},"line":121},"28":{"name":"(anonymous_28)","decl":{"start":{"line":122,"column":164},"end":{"line":122,"column":165}},"loc":{"start":{"line":122,"column":184},"end":{"line":126,"column":5}},"line":122},"29":{"name":"(anonymous_29)","decl":{"start":{"line":130,"column":27},"end":{"line":130,"column":28}},"loc":{"start":{"line":130,"column":39},"end":{"line":154,"column":1}},"line":130},"30":{"name":"(anonymous_30)","decl":{"start":{"line":131,"column":49},"end":{"line":131,"column":50}},"loc":{"start":{"line":131,"column":65},"end":{"line":137,"column":3}},"line":131},"31":{"name":"(anonymous_31)","decl":{"start":{"line":132,"column":168},"end":{"line":132,"column":169}},"loc":{"start":{"line":132,"column":188},"end":{"line":136,"column":5}},"line":132},"32":{"name":"(anonymous_32)","decl":{"start":{"line":139,"column":62},"end":{"line":139,"column":63}},"loc":{"start":{"line":139,"column":78},"end":{"line":145,"column":3}},"line":139},"33":{"name":"(anonymous_33)","decl":{"start":{"line":140,"column":174},"end":{"line":140,"column":175}},"loc":{"start":{"line":140,"column":194},"end":{"line":144,"column":5}},"line":140},"34":{"name":"(anonymous_34)","decl":{"start":{"line":147,"column":55},"end":{"line":147,"column":56}},"loc":{"start":{"line":147,"column":71},"end":{"line":153,"column":3}},"line":147},"35":{"name":"(anonymous_35)","decl":{"start":{"line":148,"column":169},"end":{"line":148,"column":170}},"loc":{"start":{"line":148,"column":189},"end":{"line":152,"column":5}},"line":148}},"branchMap":{"0":{"loc":{"start":{"line":25,"column":46},"end":{"line":25,"column":92}},"type":"cond-expr","locations":[{"start":{"line":25,"column":70},"end":{"line":25,"column":73}},{"start":{"line":25,"column":76},"end":{"line":25,"column":92}}],"line":25},"1":{"loc":{"start":{"line":25,"column":46},"end":{"line":25,"column":67}},"type":"binary-expr","locations":[{"start":{"line":25,"column":46},"end":{"line":25,"column":49}},{"start":{"line":25,"column":53},"end":{"line":25,"column":67}}],"line":25}},"s":{"0":1,"1":1,"2":1,"3":1,"4":1,"5":1,"6":1,"7":1,"8":1,"9":1,"10":1,"11":4,"12":1,"13":1,"14":1,"15":1,"16":0,"17":1,"18":1,"19":1,"20":1,"21":1,"22":1,"23":1,"24":1,"25":1,"26":1,"27":1,"28":1,"29":1,"30":1,"31":1,"32":1,"33":1,"34":1,"35":1,"36":1,"37":1,"38":1,"39":1,"40":1,"41":1,"42":1,"43":1,"44":1,"45":1,"46":1,"47":1,"48":1,"49":1,"50":1,"51":1,"52":1,"53":1,"54":1,"55":1,"56":1,"57":1,"58":1,"59":1,"60":1,"61":1,"62":1,"63":1,"64":1,"65":1,"66":1,"67":1,"68":1,"69":1,"70":1,"71":1,"72":1,"73":1,"74":1,"75":1,"76":1,"77":1,"78":1,"79":1,"80":1,"81":1,"82":1,"83":1,"84":1,"85":1,"86":1,"87":1,"88":1,"89":1,"90":1,"91":1,"92":1,"93":1},"f":{"0":4,"1":1,"2":1,"3":0,"4":1,"5":1,"6":1,"7":1,"8":1,"9":1,"10":1,"11":1,"12":1,"13":1,"14":1,"15":1,"16":1,"17":1,"18":1,"19":1,"20":1,"21":1,"22":1,"23":1,"24":1,"25":1,"26":1,"27":1,"28":1,"29":1,"30":1,"31":1,"32":1,"33":1,"34":1,"35":1},"b":{"0":[1,3],"1":[4,4]},"_coverageSchema":"332fd63041d2c1bcb487cc26dd0d5f7d97098a6c","hash":"5b7d8ebe0da0d6440c2ce571f6f2561a8e1ca227","contentHash":"976620a6898a77d2ccb8e871f0eda4db_11.0.3"},"/Users/andeladeveloper/PostIt/app.js":{"path":"/Users/andeladeveloper/PostIt/app.js","statementMap":{"0":{"start":{"line":3,"column":0},"end":{"line":5,"column":3}},"1":{"start":{"line":7,"column":15},"end":{"line":7,"column":33}},"2":{"start":{"line":9,"column":16},"end":{"line":9,"column":48}},"3":{"start":{"line":11,"column":14},"end":{"line":11,"column":31}},"4":{"start":{"line":13,"column":15},"end":{"line":13,"column":46}},"5":{"start":{"line":15,"column":15},"end":{"line":15,"column":33}},"6":{"start":{"line":17,"column":16},"end":{"line":17,"column":48}},"7":{"start":{"line":19,"column":18},"end":{"line":19,"column":40}},"8":{"start":{"line":21,"column":19},"end":{"line":21,"column":54}},"9":{"start":{"line":23,"column":14},"end":{"line":23,"column":40}},"10":{"start":{"line":25,"column":15},"end":{"line":25,"column":46}},"11":{"start":{"line":27,"column":39},"end":{"line":27,"column":93}},"12":{"start":{"line":29,"column":11},"end":{"line":29,"column":35}},"13":{"start":{"line":30,"column":10},"end":{"line":30,"column":34}},"14":{"start":{"line":31,"column":0},"end":{"line":31,"column":38}},"15":{"start":{"line":32,"column":0},"end":{"line":32,"column":37}},"16":{"start":{"line":33,"column":0},"end":{"line":33,"column":62}},"17":{"start":{"line":34,"column":0},"end":{"line":34,"column":26}},"18":{"start":{"line":36,"column":0},"end":{"line":38,"column":3}},"19":{"start":{"line":37,"column":2},"end":{"line":37,"column":54}},"20":{"start":{"line":39,"column":0},"end":{"line":39,"column":22}}},"fnMap":{"0":{"name":"_interopRequireDefault","decl":{"start":{"line":27,"column":9},"end":{"line":27,"column":31}},"loc":{"start":{"line":27,"column":37},"end":{"line":27,"column":95}},"line":27},"1":{"name":"(anonymous_1)","decl":{"start":{"line":36,"column":17},"end":{"line":36,"column":18}},"loc":{"start":{"line":36,"column":29},"end":{"line":38,"column":1}},"line":36}},"branchMap":{"0":{"loc":{"start":{"line":27,"column":46},"end":{"line":27,"column":92}},"type":"cond-expr","locations":[{"start":{"line":27,"column":70},"end":{"line":27,"column":73}},{"start":{"line":27,"column":76},"end":{"line":27,"column":92}}],"line":27},"1":{"loc":{"start":{"line":27,"column":46},"end":{"line":27,"column":67}},"type":"binary-expr","locations":[{"start":{"line":27,"column":46},"end":{"line":27,"column":49}},{"start":{"line":27,"column":53},"end":{"line":27,"column":67}}],"line":27},"2":{"loc":{"start":{"line":29,"column":11},"end":{"line":29,"column":35}},"type":"binary-expr","locations":[{"start":{"line":29,"column":11},"end":{"line":29,"column":27}},{"start":{"line":29,"column":31},"end":{"line":29,"column":35}}],"line":29}},"s":{"0":1,"1":1,"2":1,"3":1,"4":1,"5":1,"6":1,"7":1,"8":1,"9":1,"10":1,"11":5,"12":1,"13":1,"14":1,"15":1,"16":1,"17":1,"18":1,"19":1,"20":1},"f":{"0":5,"1":1},"b":{"0":[1,4],"1":[5,5],"2":[1,1]},"_coverageSchema":"332fd63041d2c1bcb487cc26dd0d5f7d97098a6c","hash":"11ee8280714e00cdecc3cd9a9abc7e2a3e5a4a52","contentHash":"880c898395431e7ad9a061fcfaf56f5b_11.0.3"},"/Users/andeladeveloper/PostIt/server/routes/index.js":{"path":"/Users/andeladeveloper/PostIt/server/routes/index.js","statementMap":{"0":{"start":{"line":3,"column":0},"end":{"line":5,"column":3}},"1":{"start":{"line":7,"column":15},"end":{"line":7,"column":33}},"2":{"start":{"line":9,"column":16},"end":{"line":9,"column":48}},"3":{"start":{"line":11,"column":12},"end":{"line":11,"column":42}},"4":{"start":{"line":13,"column":13},"end":{"line":13,"column":42}},"5":{"start":{"line":15,"column":12},"end":{"line":15,"column":42}},"6":{"start":{"line":17,"column":13},"end":{"line":17,"column":42}},"7":{"start":{"line":19,"column":19},"end":{"line":19,"column":56}},"8":{"start":{"line":21,"column":20},"end":{"line":21,"column":56}},"9":{"start":{"line":23,"column":16},"end":{"line":23,"column":50}},"10":{"start":{"line":25,"column":17},"end":{"line":25,"column":50}},"11":{"start":{"line":27,"column":13},"end":{"line":27,"column":44}},"12":{"start":{"line":29,"column":14},"end":{"line":29,"column":44}},"13":{"start":{"line":31,"column":12},"end":{"line":31,"column":42}},"14":{"start":{"line":33,"column":13},"end":{"line":33,"column":42}},"15":{"start":{"line":35,"column":22},"end":{"line":35,"column":62}},"16":{"start":{"line":37,"column":23},"end":{"line":37,"column":62}},"17":{"start":{"line":39,"column":21},"end":{"line":39,"column":60}},"18":{"start":{"line":41,"column":22},"end":{"line":41,"column":60}},"19":{"start":{"line":43,"column":23},"end":{"line":43,"column":64}},"20":{"start":{"line":45,"column":24},"end":{"line":45,"column":64}},"21":{"start":{"line":47,"column":39},"end":{"line":47,"column":93}},"22":{"start":{"line":49,"column":10},"end":{"line":49,"column":36}},"23":{"start":{"line":50,"column":0},"end":{"line":50,"column":66}},"24":{"start":{"line":51,"column":0},"end":{"line":51,"column":105}},"25":{"start":{"line":52,"column":0},"end":{"line":52,"column":136}},"26":{"start":{"line":53,"column":0},"end":{"line":53,"column":83}},"27":{"start":{"line":54,"column":0},"end":{"line":54,"column":140}},"28":{"start":{"line":55,"column":0},"end":{"line":55,"column":55}},"29":{"start":{"line":56,"column":0},"end":{"line":56,"column":131}},"30":{"start":{"line":57,"column":0},"end":{"line":57,"column":79}},"31":{"start":{"line":58,"column":0},"end":{"line":58,"column":152}},"32":{"start":{"line":59,"column":0},"end":{"line":59,"column":158}},"33":{"start":{"line":60,"column":0},"end":{"line":60,"column":129}},"34":{"start":{"line":61,"column":0},"end":{"line":61,"column":22}}},"fnMap":{"0":{"name":"_interopRequireDefault","decl":{"start":{"line":47,"column":9},"end":{"line":47,"column":31}},"loc":{"start":{"line":47,"column":37},"end":{"line":47,"column":95}},"line":47}},"branchMap":{"0":{"loc":{"start":{"line":47,"column":46},"end":{"line":47,"column":92}},"type":"cond-expr","locations":[{"start":{"line":47,"column":70},"end":{"line":47,"column":73}},{"start":{"line":47,"column":76},"end":{"line":47,"column":92}}],"line":47},"1":{"loc":{"start":{"line":47,"column":46},"end":{"line":47,"column":67}},"type":"binary-expr","locations":[{"start":{"line":47,"column":46},"end":{"line":47,"column":49}},{"start":{"line":47,"column":53},"end":{"line":47,"column":67}}],"line":47}},"s":{"0":1,"1":1,"2":1,"3":1,"4":1,"5":1,"6":1,"7":1,"8":1,"9":1,"10":1,"11":1,"12":1,"13":1,"14":1,"15":1,"16":1,"17":1,"18":1,"19":1,"20":1,"21":10,"22":1,"23":1,"24":1,"25":1,"26":1,"27":1,"28":1,"29":1,"30":1,"31":1,"32":1,"33":1,"34":1},"f":{"0":10},"b":{"0":[9,1],"1":[10,10]},"_coverageSchema":"332fd63041d2c1bcb487cc26dd0d5f7d97098a6c","hash":"3a13c8c41d629ae02495fd368209a4c38ade32e0","contentHash":"8b4d573e8489a33cc63b464e16857271_11.0.3"},"/Users/andeladeveloper/PostIt/server/controllers/user.js":{"path":"/Users/andeladeveloper/PostIt/server/controllers/user.js","statementMap":{"0":{"start":{"line":3,"column":0},"end":{"line":5,"column":3}},"1":{"start":{"line":7,"column":20},"end":{"line":7,"column":43}},"2":{"start":{"line":9,"column":21},"end":{"line":9,"column":58}},"3":{"start":{"line":11,"column":14},"end":{"line":11,"column":31}},"4":{"start":{"line":13,"column":15},"end":{"line":13,"column":46}},"5":{"start":{"line":15,"column":14},"end":{"line":15,"column":34}},"6":{"start":{"line":17,"column":15},"end":{"line":17,"column":46}},"7":{"start":{"line":19,"column":39},"end":{"line":19,"column":93}},"8":{"start":{"line":21,"column":19},"end":{"line":21,"column":48}},"9":{"start":{"line":23,"column":0},"end":{"line":23,"column":24}},"10":{"start":{"line":24,"column":13},"end":{"line":24,"column":34}},"11":{"start":{"line":25,"column":11},"end":{"line":25,"column":35}},"12":{"start":{"line":26,"column":13},"end":{"line":26,"column":36}},"13":{"start":{"line":33,"column":17},"end":{"line":82,"column":1}},"14":{"start":{"line":35,"column":4},"end":{"line":51,"column":7}},"15":{"start":{"line":41,"column":18},"end":{"line":43,"column":16}},"16":{"start":{"line":44,"column":6},"end":{"line":48,"column":9}},"17":{"start":{"line":50,"column":6},"end":{"line":50,"column":41}},"18":{"start":{"line":61,"column":4},"end":{"line":65,"column":7}},"19":{"start":{"line":62,"column":6},"end":{"line":62,"column":40}},"20":{"start":{"line":64,"column":6},"end":{"line":64,"column":41}},"21":{"start":{"line":68,"column":15},"end":{"line":68,"column":17}},"22":{"start":{"line":69,"column":4},"end":{"line":80,"column":7}},"23":{"start":{"line":70,"column":6},"end":{"line":72,"column":9}},"24":{"start":{"line":71,"column":8},"end":{"line":71,"column":31}},"25":{"start":{"line":73,"column":6},"end":{"line":77,"column":9}},"26":{"start":{"line":74,"column":8},"end":{"line":74,"column":44}},"27":{"start":{"line":76,"column":8},"end":{"line":76,"column":43}},"28":{"start":{"line":79,"column":6},"end":{"line":79,"column":41}},"29":{"start":{"line":84,"column":0},"end":{"line":84,"column":29}}},"fnMap":{"0":{"name":"_interopRequireDefault","decl":{"start":{"line":19,"column":9},"end":{"line":19,"column":31}},"loc":{"start":{"line":19,"column":37},"end":{"line":19,"column":95}},"line":19},"1":{"name":"create","decl":{"start":{"line":34,"column":19},"end":{"line":34,"column":25}},"loc":{"start":{"line":34,"column":36},"end":{"line":52,"column":3}},"line":34},"2":{"name":"(anonymous_2)","decl":{"start":{"line":40,"column":12},"end":{"line":40,"column":13}},"loc":{"start":{"line":40,"column":28},"end":{"line":49,"column":5}},"line":40},"3":{"name":"(anonymous_3)","decl":{"start":{"line":49,"column":13},"end":{"line":49,"column":14}},"loc":{"start":{"line":49,"column":30},"end":{"line":51,"column":5}},"line":49},"4":{"name":"allUsers","decl":{"start":{"line":60,"column":21},"end":{"line":60,"column":29}},"loc":{"start":{"line":60,"column":40},"end":{"line":66,"column":3}},"line":60},"5":{"name":"(anonymous_5)","decl":{"start":{"line":61,"column":27},"end":{"line":61,"column":28}},"loc":{"start":{"line":61,"column":43},"end":{"line":63,"column":5}},"line":61},"6":{"name":"(anonymous_6)","decl":{"start":{"line":63,"column":13},"end":{"line":63,"column":14}},"loc":{"start":{"line":63,"column":30},"end":{"line":65,"column":5}},"line":63},"7":{"name":"userGroups","decl":{"start":{"line":67,"column":23},"end":{"line":67,"column":33}},"loc":{"start":{"line":67,"column":44},"end":{"line":81,"column":3}},"line":67},"8":{"name":"(anonymous_8)","decl":{"start":{"line":69,"column":74},"end":{"line":69,"column":75}},"loc":{"start":{"line":69,"column":92},"end":{"line":78,"column":5}},"line":69},"9":{"name":"(anonymous_9)","decl":{"start":{"line":70,"column":21},"end":{"line":70,"column":22}},"loc":{"start":{"line":70,"column":36},"end":{"line":72,"column":7}},"line":70},"10":{"name":"(anonymous_10)","decl":{"start":{"line":73,"column":51},"end":{"line":73,"column":52}},"loc":{"start":{"line":73,"column":69},"end":{"line":75,"column":7}},"line":73},"11":{"name":"(anonymous_11)","decl":{"start":{"line":75,"column":15},"end":{"line":75,"column":16}},"loc":{"start":{"line":75,"column":32},"end":{"line":77,"column":7}},"line":75},"12":{"name":"(anonymous_12)","decl":{"start":{"line":78,"column":13},"end":{"line":78,"column":14}},"loc":{"start":{"line":78,"column":30},"end":{"line":80,"column":5}},"line":78}},"branchMap":{"0":{"loc":{"start":{"line":19,"column":46},"end":{"line":19,"column":92}},"type":"cond-expr","locations":[{"start":{"line":19,"column":70},"end":{"line":19,"column":73}},{"start":{"line":19,"column":76},"end":{"line":19,"column":92}}],"line":19},"1":{"loc":{"start":{"line":19,"column":46},"end":{"line":19,"column":67}},"type":"binary-expr","locations":[{"start":{"line":19,"column":46},"end":{"line":19,"column":49}},{"start":{"line":19,"column":53},"end":{"line":19,"column":67}}],"line":19}},"s":{"0":1,"1":1,"2":1,"3":1,"4":1,"5":1,"6":1,"7":3,"8":1,"9":1,"10":1,"11":1,"12":1,"13":1,"14":4,"15":4,"16":4,"17":0,"18":0,"19":0,"20":0,"21":1,"22":1,"23":1,"24":2,"25":1,"26":1,"27":0,"28":0,"29":1},"f":{"0":3,"1":4,"2":4,"3":0,"4":0,"5":0,"6":0,"7":1,"8":1,"9":2,"10":1,"11":0,"12":0},"b":{"0":[0,3],"1":[3,3]},"_coverageSchema":"332fd63041d2c1bcb487cc26dd0d5f7d97098a6c","hash":"1e5748cbbe86e862e0c0e7b15b45b9ed73e08c5d","contentHash":"4ddd8bbf7d73954c9a481fc64d3d6f3a_11.0.3"},"/Users/andeladeveloper/PostIt/server/models/index.js":{"path":"/Users/andeladeveloper/PostIt/server/models/index.js","statementMap":{"0":{"start":{"line":3,"column":10},"end":{"line":3,"column":23}},"1":{"start":{"line":5,"column":11},"end":{"line":5,"column":38}},"2":{"start":{"line":7,"column":12},"end":{"line":7,"column":27}},"3":{"start":{"line":9,"column":13},"end":{"line":9,"column":42}},"4":{"start":{"line":11,"column":14},"end":{"line":11,"column":31}},"5":{"start":{"line":13,"column":15},"end":{"line":13,"column":46}},"6":{"start":{"line":15,"column":17},"end":{"line":15,"column":37}},"7":{"start":{"line":17,"column":18},"end":{"line":17,"column":52}},"8":{"start":{"line":19,"column":14},"end":{"line":19,"column":46}},"9":{"start":{"line":21,"column":15},"end":{"line":21,"column":46}},"10":{"start":{"line":23,"column":39},"end":{"line":23,"column":93}},"11":{"start":{"line":25,"column":0},"end":{"line":25,"column":26}},"12":{"start":{"line":26,"column":15},"end":{"line":26,"column":55}},"13":{"start":{"line":27,"column":10},"end":{"line":27,"column":47}},"14":{"start":{"line":28,"column":13},"end":{"line":28,"column":34}},"15":{"start":{"line":31,"column":9},"end":{"line":31,"column":11}},"16":{"start":{"line":32,"column":16},"end":{"line":32,"column":22}},"17":{"start":{"line":33,"column":0},"end":{"line":37,"column":1}},"18":{"start":{"line":34,"column":2},"end":{"line":34,"column":76}},"19":{"start":{"line":36,"column":2},"end":{"line":36,"column":97}},"20":{"start":{"line":39,"column":0},"end":{"line":44,"column":3}},"21":{"start":{"line":40,"column":2},"end":{"line":40,"column":82}},"22":{"start":{"line":42,"column":14},"end":{"line":42,"column":68}},"23":{"start":{"line":43,"column":2},"end":{"line":43,"column":25}},"24":{"start":{"line":46,"column":0},"end":{"line":50,"column":3}},"25":{"start":{"line":47,"column":2},"end":{"line":49,"column":3}},"26":{"start":{"line":48,"column":4},"end":{"line":48,"column":32}},"27":{"start":{"line":52,"column":0},"end":{"line":52,"column":25}},"28":{"start":{"line":53,"column":0},"end":{"line":53,"column":35}},"29":{"start":{"line":55,"column":0},"end":{"line":55,"column":20}}},"fnMap":{"0":{"name":"_interopRequireDefault","decl":{"start":{"line":23,"column":9},"end":{"line":23,"column":31}},"loc":{"start":{"line":23,"column":37},"end":{"line":23,"column":95}},"line":23},"1":{"name":"(anonymous_1)","decl":{"start":{"line":39,"column":43},"end":{"line":39,"column":44}},"loc":{"start":{"line":39,"column":59},"end":{"line":41,"column":1}},"line":39},"2":{"name":"(anonymous_2)","decl":{"start":{"line":41,"column":11},"end":{"line":41,"column":12}},"loc":{"start":{"line":41,"column":27},"end":{"line":44,"column":1}},"line":41},"3":{"name":"(anonymous_3)","decl":{"start":{"line":46,"column":24},"end":{"line":46,"column":25}},"loc":{"start":{"line":46,"column":45},"end":{"line":50,"column":1}},"line":46}},"branchMap":{"0":{"loc":{"start":{"line":23,"column":46},"end":{"line":23,"column":92}},"type":"cond-expr","locations":[{"start":{"line":23,"column":70},"end":{"line":23,"column":73}},{"start":{"line":23,"column":76},"end":{"line":23,"column":92}}],"line":23},"1":{"loc":{"start":{"line":23,"column":46},"end":{"line":23,"column":67}},"type":"binary-expr","locations":[{"start":{"line":23,"column":46},"end":{"line":23,"column":49}},{"start":{"line":23,"column":53},"end":{"line":23,"column":67}}],"line":23},"2":{"loc":{"start":{"line":27,"column":10},"end":{"line":27,"column":47}},"type":"binary-expr","locations":[{"start":{"line":27,"column":10},"end":{"line":27,"column":30}},{"start":{"line":27,"column":34},"end":{"line":27,"column":47}}],"line":27},"3":{"loc":{"start":{"line":33,"column":0},"end":{"line":37,"column":1}},"type":"if","locations":[{"start":{"line":33,"column":0},"end":{"line":37,"column":1}},{"start":{"line":33,"column":0},"end":{"line":37,"column":1}}],"line":33},"4":{"loc":{"start":{"line":40,"column":9},"end":{"line":40,"column":81}},"type":"binary-expr","locations":[{"start":{"line":40,"column":9},"end":{"line":40,"column":32}},{"start":{"line":40,"column":36},"end":{"line":40,"column":53}},{"start":{"line":40,"column":57},"end":{"line":40,"column":81}}],"line":40},"5":{"loc":{"start":{"line":47,"column":2},"end":{"line":49,"column":3}},"type":"if","locations":[{"start":{"line":47,"column":2},"end":{"line":49,"column":3}},{"start":{"line":47,"column":2},"end":{"line":49,"column":3}}],"line":47}},"s":{"0":1,"1":1,"2":1,"3":1,"4":1,"5":1,"6":1,"7":1,"8":1,"9":1,"10":5,"11":1,"12":1,"13":1,"14":1,"15":1,"16":1,"17":1,"18":1,"19":0,"20":1,"21":5,"22":4,"23":4,"24":1,"25":4,"26":0,"27":1,"28":1,"29":1},"f":{"0":5,"1":5,"2":4,"3":4},"b":{"0":[0,5],"1":[5,5],"2":[1,1],"3":[1,0],"4":[5,5,4],"5":[0,4]},"_coverageSchema":"332fd63041d2c1bcb487cc26dd0d5f7d97098a6c","hash":"92780b9ddf88b094334e49bf0abe66f22b09a386","contentHash":"32f45c8bc1382e3a82f139b598470c84_11.0.3"},"/Users/andeladeveloper/PostIt/server/models/PostIt.js":{"path":"/Users/andeladeveloper/PostIt/server/models/PostIt.js","statementMap":{"0":{"start":{"line":3,"column":0},"end":{"line":5,"column":3}},"1":{"start":{"line":12,"column":16},"end":{"line":45,"column":1}},"2":{"start":{"line":13,"column":15},"end":{"line":43,"column":4}},"3":{"start":{"line":37,"column":8},"end":{"line":40,"column":11}},"4":{"start":{"line":44,"column":2},"end":{"line":44,"column":16}},"5":{"start":{"line":46,"column":0},"end":{"line":46,"column":28}}},"fnMap":{"0":{"name":"UserModel","decl":{"start":{"line":12,"column":25},"end":{"line":12,"column":34}},"loc":{"start":{"line":12,"column":57},"end":{"line":45,"column":1}},"line":12},"1":{"name":"associate","decl":{"start":{"line":36,"column":26},"end":{"line":36,"column":35}},"loc":{"start":{"line":36,"column":44},"end":{"line":41,"column":7}},"line":36}},"branchMap":{},"s":{"0":1,"1":1,"2":1,"3":0,"4":1,"5":1},"f":{"0":1,"1":0},"b":{},"_coverageSchema":"332fd63041d2c1bcb487cc26dd0d5f7d97098a6c","hash":"f29b090404785364d5b913b251163b42259c30db","contentHash":"02a1de43a773df66f842d04437399d9a_11.0.3"},"/Users/andeladeveloper/PostIt/server/models/group.js":{"path":"/Users/andeladeveloper/PostIt/server/models/group.js","statementMap":{"0":{"start":{"line":3,"column":0},"end":{"line":5,"column":3}},"1":{"start":{"line":13,"column":17},"end":{"line":43,"column":1}},"2":{"start":{"line":14,"column":14},"end":{"line":41,"column":4}},"3":{"start":{"line":31,"column":8},"end":{"line":34,"column":11}},"4":{"start":{"line":35,"column":8},"end":{"line":38,"column":11}},"5":{"start":{"line":42,"column":2},"end":{"line":42,"column":15}},"6":{"start":{"line":45,"column":0},"end":{"line":45,"column":29}}},"fnMap":{"0":{"name":"groupModel","decl":{"start":{"line":13,"column":26},"end":{"line":13,"column":36}},"loc":{"start":{"line":13,"column":59},"end":{"line":43,"column":1}},"line":13},"1":{"name":"associate","decl":{"start":{"line":30,"column":26},"end":{"line":30,"column":35}},"loc":{"start":{"line":30,"column":44},"end":{"line":39,"column":7}},"line":30}},"branchMap":{},"s":{"0":1,"1":1,"2":1,"3":0,"4":0,"5":1,"6":1},"f":{"0":1,"1":0},"b":{},"_coverageSchema":"332fd63041d2c1bcb487cc26dd0d5f7d97098a6c","hash":"37d6c7dc66bba710062f3552de5716bde14bf461","contentHash":"8cae6da2ff249c4dd259db7ddcd2b00a_11.0.3"},"/Users/andeladeveloper/PostIt/server/models/groupmember.js":{"path":"/Users/andeladeveloper/PostIt/server/models/groupmember.js","statementMap":{"0":{"start":{"line":3,"column":0},"end":{"line":5,"column":3}},"1":{"start":{"line":12,"column":23},"end":{"line":26,"column":1}},"2":{"start":{"line":13,"column":20},"end":{"line":24,"column":4}},"3":{"start":{"line":25,"column":2},"end":{"line":25,"column":21}},"4":{"start":{"line":27,"column":0},"end":{"line":27,"column":35}}},"fnMap":{"0":{"name":"groupmemberModel","decl":{"start":{"line":12,"column":32},"end":{"line":12,"column":48}},"loc":{"start":{"line":12,"column":71},"end":{"line":26,"column":1}},"line":12}},"branchMap":{},"s":{"0":1,"1":1,"2":1,"3":1,"4":1},"f":{"0":1},"b":{},"_coverageSchema":"332fd63041d2c1bcb487cc26dd0d5f7d97098a6c","hash":"6aa64dd07bae72cc2a60b1afec8af37a0f127734","contentHash":"d80871e19e977c3206f55b036a173131_11.0.3"},"/Users/andeladeveloper/PostIt/server/models/grouppost.js":{"path":"/Users/andeladeveloper/PostIt/server/models/grouppost.js","statementMap":{"0":{"start":{"line":3,"column":0},"end":{"line":5,"column":3}},"1":{"start":{"line":12,"column":21},"end":{"line":30,"column":1}},"2":{"start":{"line":13,"column":18},"end":{"line":28,"column":4}},"3":{"start":{"line":29,"column":2},"end":{"line":29,"column":19}},"4":{"start":{"line":31,"column":0},"end":{"line":31,"column":33}}},"fnMap":{"0":{"name":"groupPostModel","decl":{"start":{"line":12,"column":30},"end":{"line":12,"column":44}},"loc":{"start":{"line":12,"column":67},"end":{"line":30,"column":1}},"line":12}},"branchMap":{},"s":{"0":1,"1":1,"2":1,"3":1,"4":1},"f":{"0":1},"b":{},"_coverageSchema":"332fd63041d2c1bcb487cc26dd0d5f7d97098a6c","hash":"5f52dce0fbb23a58fa390f88ec4606fe83885ab0","contentHash":"8ab22507ccc5a15c9bbd8cc2b74a744c_11.0.3"},"/Users/andeladeveloper/PostIt/server/controllers/grup.js":{"path":"/Users/andeladeveloper/PostIt/server/controllers/grup.js","statementMap":{"0":{"start":{"line":3,"column":0},"end":{"line":5,"column":3}},"1":{"start":{"line":7,"column":14},"end":{"line":7,"column":34}},"2":{"start":{"line":9,"column":15},"end":{"line":9,"column":46}},"3":{"start":{"line":11,"column":39},"end":{"line":11,"column":93}},"4":{"start":{"line":13,"column":12},"end":{"line":13,"column":35}},"5":{"start":{"line":14,"column":12},"end":{"line":14,"column":39}},"6":{"start":{"line":15,"column":14},"end":{"line":15,"column":43}},"7":{"start":{"line":22,"column":19},"end":{"line":61,"column":1}},"8":{"start":{"line":24,"column":4},"end":{"line":42,"column":7}},"9":{"start":{"line":29,"column":6},"end":{"line":39,"column":9}},"10":{"start":{"line":33,"column":8},"end":{"line":36,"column":11}},"11":{"start":{"line":38,"column":8},"end":{"line":38,"column":43}},"12":{"start":{"line":41,"column":6},"end":{"line":41,"column":41}},"13":{"start":{"line":45,"column":4},"end":{"line":59,"column":7}},"14":{"start":{"line":46,"column":6},"end":{"line":56,"column":9}},"15":{"start":{"line":47,"column":8},"end":{"line":53,"column":11}},"16":{"start":{"line":48,"column":10},"end":{"line":50,"column":87}},"17":{"start":{"line":52,"column":10},"end":{"line":52,"column":45}},"18":{"start":{"line":55,"column":8},"end":{"line":55,"column":43}},"19":{"start":{"line":58,"column":6},"end":{"line":58,"column":41}},"20":{"start":{"line":63,"column":0},"end":{"line":63,"column":31}}},"fnMap":{"0":{"name":"_interopRequireDefault","decl":{"start":{"line":11,"column":9},"end":{"line":11,"column":31}},"loc":{"start":{"line":11,"column":37},"end":{"line":11,"column":95}},"line":11},"1":{"name":"create","decl":{"start":{"line":23,"column":19},"end":{"line":23,"column":25}},"loc":{"start":{"line":23,"column":36},"end":{"line":43,"column":3}},"line":23},"2":{"name":"(anonymous_2)","decl":{"start":{"line":28,"column":12},"end":{"line":28,"column":13}},"loc":{"start":{"line":28,"column":28},"end":{"line":40,"column":5}},"line":28},"3":{"name":"(anonymous_3)","decl":{"start":{"line":32,"column":14},"end":{"line":32,"column":15}},"loc":{"start":{"line":32,"column":32},"end":{"line":37,"column":7}},"line":32},"4":{"name":"(anonymous_4)","decl":{"start":{"line":37,"column":15},"end":{"line":37,"column":16}},"loc":{"start":{"line":37,"column":32},"end":{"line":39,"column":7}},"line":37},"5":{"name":"(anonymous_5)","decl":{"start":{"line":40,"column":13},"end":{"line":40,"column":14}},"loc":{"start":{"line":40,"column":30},"end":{"line":42,"column":5}},"line":40},"6":{"name":"Delete","decl":{"start":{"line":44,"column":19},"end":{"line":44,"column":25}},"loc":{"start":{"line":44,"column":36},"end":{"line":60,"column":3}},"line":44},"7":{"name":"(anonymous_7)","decl":{"start":{"line":45,"column":69},"end":{"line":45,"column":70}},"loc":{"start":{"line":45,"column":81},"end":{"line":57,"column":5}},"line":45},"8":{"name":"(anonymous_8)","decl":{"start":{"line":46,"column":68},"end":{"line":46,"column":69}},"loc":{"start":{"line":46,"column":80},"end":{"line":54,"column":7}},"line":46},"9":{"name":"(anonymous_9)","decl":{"start":{"line":47,"column":73},"end":{"line":47,"column":74}},"loc":{"start":{"line":47,"column":85},"end":{"line":51,"column":9}},"line":47},"10":{"name":"(anonymous_10)","decl":{"start":{"line":51,"column":17},"end":{"line":51,"column":18}},"loc":{"start":{"line":51,"column":34},"end":{"line":53,"column":9}},"line":51},"11":{"name":"(anonymous_11)","decl":{"start":{"line":54,"column":15},"end":{"line":54,"column":16}},"loc":{"start":{"line":54,"column":32},"end":{"line":56,"column":7}},"line":54},"12":{"name":"(anonymous_12)","decl":{"start":{"line":57,"column":13},"end":{"line":57,"column":14}},"loc":{"start":{"line":57,"column":30},"end":{"line":59,"column":5}},"line":57}},"branchMap":{"0":{"loc":{"start":{"line":11,"column":46},"end":{"line":11,"column":92}},"type":"cond-expr","locations":[{"start":{"line":11,"column":70},"end":{"line":11,"column":73}},{"start":{"line":11,"column":76},"end":{"line":11,"column":92}}],"line":11},"1":{"loc":{"start":{"line":11,"column":46},"end":{"line":11,"column":67}},"type":"binary-expr","locations":[{"start":{"line":11,"column":46},"end":{"line":11,"column":49}},{"start":{"line":11,"column":53},"end":{"line":11,"column":67}}],"line":11}},"s":{"0":1,"1":1,"2":1,"3":1,"4":1,"5":1,"6":1,"7":1,"8":2,"9":2,"10":2,"11":0,"12":0,"13":2,"14":2,"15":2,"16":2,"17":0,"18":0,"19":0,"20":1},"f":{"0":1,"1":2,"2":2,"3":2,"4":0,"5":0,"6":2,"7":2,"8":2,"9":2,"10":0,"11":0,"12":0},"b":{"0":[0,1],"1":[1,1]},"_coverageSchema":"332fd63041d2c1bcb487cc26dd0d5f7d97098a6c","hash":"d973472fd4508e6b10e9dafcde8b42597c405fb4","contentHash":"c15bc5e424e9d98079318e784f359eb2_11.0.3"},"/Users/andeladeveloper/PostIt/server/controllers/groupMember.js":{"path":"/Users/andeladeveloper/PostIt/server/controllers/groupMember.js","statementMap":{"0":{"start":{"line":3,"column":0},"end":{"line":5,"column":3}},"1":{"start":{"line":7,"column":14},"end":{"line":7,"column":34}},"2":{"start":{"line":9,"column":15},"end":{"line":9,"column":46}},"3":{"start":{"line":11,"column":39},"end":{"line":11,"column":93}},"4":{"start":{"line":13,"column":18},"end":{"line":13,"column":47}},"5":{"start":{"line":14,"column":11},"end":{"line":14,"column":35}},"6":{"start":{"line":21,"column":24},"end":{"line":68,"column":1}},"7":{"start":{"line":23,"column":4},"end":{"line":30,"column":7}},"8":{"start":{"line":27,"column":6},"end":{"line":27,"column":47}},"9":{"start":{"line":29,"column":6},"end":{"line":29,"column":41}},"10":{"start":{"line":33,"column":29},"end":{"line":33,"column":31}},"11":{"start":{"line":34,"column":4},"end":{"line":45,"column":7}},"12":{"start":{"line":35,"column":6},"end":{"line":37,"column":9}},"13":{"start":{"line":36,"column":8},"end":{"line":36,"column":48}},"14":{"start":{"line":38,"column":6},"end":{"line":42,"column":9}},"15":{"start":{"line":39,"column":8},"end":{"line":39,"column":48}},"16":{"start":{"line":41,"column":8},"end":{"line":41,"column":43}},"17":{"start":{"line":44,"column":6},"end":{"line":44,"column":41}},"18":{"start":{"line":48,"column":29},"end":{"line":48,"column":31}},"19":{"start":{"line":49,"column":25},"end":{"line":49,"column":27}},"20":{"start":{"line":50,"column":4},"end":{"line":66,"column":7}},"21":{"start":{"line":51,"column":6},"end":{"line":53,"column":9}},"22":{"start":{"line":52,"column":8},"end":{"line":52,"column":48}},"23":{"start":{"line":54,"column":6},"end":{"line":63,"column":9}},"24":{"start":{"line":55,"column":8},"end":{"line":59,"column":11}},"25":{"start":{"line":56,"column":10},"end":{"line":58,"column":11}},"26":{"start":{"line":57,"column":12},"end":{"line":57,"column":38}},"27":{"start":{"line":60,"column":8},"end":{"line":60,"column":45}},"28":{"start":{"line":62,"column":8},"end":{"line":62,"column":43}},"29":{"start":{"line":65,"column":6},"end":{"line":65,"column":41}},"30":{"start":{"line":70,"column":0},"end":{"line":70,"column":36}}},"fnMap":{"0":{"name":"_interopRequireDefault","decl":{"start":{"line":11,"column":9},"end":{"line":11,"column":31}},"loc":{"start":{"line":11,"column":37},"end":{"line":11,"column":95}},"line":11},"1":{"name":"create","decl":{"start":{"line":22,"column":19},"end":{"line":22,"column":25}},"loc":{"start":{"line":22,"column":36},"end":{"line":31,"column":3}},"line":22},"2":{"name":"(anonymous_2)","decl":{"start":{"line":26,"column":12},"end":{"line":26,"column":13}},"loc":{"start":{"line":26,"column":35},"end":{"line":28,"column":5}},"line":26},"3":{"name":"(anonymous_3)","decl":{"start":{"line":28,"column":13},"end":{"line":28,"column":14}},"loc":{"start":{"line":28,"column":30},"end":{"line":30,"column":5}},"line":28},"4":{"name":"getGroupmMembers","decl":{"start":{"line":32,"column":29},"end":{"line":32,"column":45}},"loc":{"start":{"line":32,"column":56},"end":{"line":46,"column":3}},"line":32},"5":{"name":"(anonymous_5)","decl":{"start":{"line":34,"column":80},"end":{"line":34,"column":81}},"loc":{"start":{"line":34,"column":104},"end":{"line":43,"column":5}},"line":34},"6":{"name":"(anonymous_6)","decl":{"start":{"line":35,"column":27},"end":{"line":35,"column":28}},"loc":{"start":{"line":35,"column":44},"end":{"line":37,"column":7}},"line":35},"7":{"name":"(anonymous_7)","decl":{"start":{"line":38,"column":63},"end":{"line":38,"column":64}},"loc":{"start":{"line":38,"column":85},"end":{"line":40,"column":7}},"line":38},"8":{"name":"(anonymous_8)","decl":{"start":{"line":40,"column":15},"end":{"line":40,"column":16}},"loc":{"start":{"line":40,"column":32},"end":{"line":42,"column":7}},"line":40},"9":{"name":"(anonymous_9)","decl":{"start":{"line":43,"column":13},"end":{"line":43,"column":14}},"loc":{"start":{"line":43,"column":30},"end":{"line":45,"column":5}},"line":43},"10":{"name":"getNonGroupmMembers","decl":{"start":{"line":47,"column":32},"end":{"line":47,"column":51}},"loc":{"start":{"line":47,"column":62},"end":{"line":67,"column":3}},"line":47},"11":{"name":"(anonymous_11)","decl":{"start":{"line":50,"column":80},"end":{"line":50,"column":81}},"loc":{"start":{"line":50,"column":104},"end":{"line":64,"column":5}},"line":50},"12":{"name":"(anonymous_12)","decl":{"start":{"line":51,"column":27},"end":{"line":51,"column":28}},"loc":{"start":{"line":51,"column":44},"end":{"line":53,"column":7}},"line":51},"13":{"name":"(anonymous_13)","decl":{"start":{"line":54,"column":22},"end":{"line":54,"column":23}},"loc":{"start":{"line":54,"column":39},"end":{"line":61,"column":7}},"line":54},"14":{"name":"(anonymous_14)","decl":{"start":{"line":55,"column":22},"end":{"line":55,"column":23}},"loc":{"start":{"line":55,"column":38},"end":{"line":59,"column":9}},"line":55},"15":{"name":"(anonymous_15)","decl":{"start":{"line":61,"column":15},"end":{"line":61,"column":16}},"loc":{"start":{"line":61,"column":32},"end":{"line":63,"column":7}},"line":61},"16":{"name":"(anonymous_16)","decl":{"start":{"line":64,"column":13},"end":{"line":64,"column":14}},"loc":{"start":{"line":64,"column":30},"end":{"line":66,"column":5}},"line":64}},"branchMap":{"0":{"loc":{"start":{"line":11,"column":46},"end":{"line":11,"column":92}},"type":"cond-expr","locations":[{"start":{"line":11,"column":70},"end":{"line":11,"column":73}},{"start":{"line":11,"column":76},"end":{"line":11,"column":92}}],"line":11},"1":{"loc":{"start":{"line":11,"column":46},"end":{"line":11,"column":67}},"type":"binary-expr","locations":[{"start":{"line":11,"column":46},"end":{"line":11,"column":49}},{"start":{"line":11,"column":53},"end":{"line":11,"column":67}}],"line":11},"2":{"loc":{"start":{"line":56,"column":10},"end":{"line":58,"column":11}},"type":"if","locations":[{"start":{"line":56,"column":10},"end":{"line":58,"column":11}},{"start":{"line":56,"column":10},"end":{"line":58,"column":11}}],"line":56}},"s":{"0":1,"1":1,"2":1,"3":1,"4":1,"5":1,"6":1,"7":3,"8":3,"9":0,"10":1,"11":1,"12":1,"13":3,"14":1,"15":1,"16":0,"17":0,"18":1,"19":1,"20":1,"21":1,"22":3,"23":1,"24":1,"25":4,"26":2,"27":1,"28":0,"29":0,"30":1},"f":{"0":1,"1":3,"2":3,"3":0,"4":1,"5":1,"6":3,"7":1,"8":0,"9":0,"10":1,"11":1,"12":3,"13":1,"14":4,"15":0,"16":0},"b":{"0":[0,1],"1":[1,1],"2":[2,2]},"_coverageSchema":"332fd63041d2c1bcb487cc26dd0d5f7d97098a6c","hash":"360b3759ee5ec211664605cb4793849f949ab776","contentHash":"5715bfd3011e77e4baef44c3dfd5a8eb_11.0.3"},"/Users/andeladeveloper/PostIt/server/controllers/grouPost.js":{"path":"/Users/andeladeveloper/PostIt/server/controllers/grouPost.js","statementMap":{"0":{"start":{"line":3,"column":0},"end":{"line":5,"column":3}},"1":{"start":{"line":7,"column":14},"end":{"line":7,"column":34}},"2":{"start":{"line":9,"column":15},"end":{"line":9,"column":46}},"3":{"start":{"line":11,"column":39},"end":{"line":11,"column":93}},"4":{"start":{"line":13,"column":16},"end":{"line":13,"column":43}},"5":{"start":{"line":20,"column":22},"end":{"line":32,"column":1}},"6":{"start":{"line":22,"column":4},"end":{"line":30,"column":7}},"7":{"start":{"line":27,"column":6},"end":{"line":27,"column":37}},"8":{"start":{"line":29,"column":6},"end":{"line":29,"column":34}},"9":{"start":{"line":33,"column":0},"end":{"line":33,"column":34}}},"fnMap":{"0":{"name":"_interopRequireDefault","decl":{"start":{"line":11,"column":9},"end":{"line":11,"column":31}},"loc":{"start":{"line":11,"column":37},"end":{"line":11,"column":95}},"line":11},"1":{"name":"create","decl":{"start":{"line":21,"column":19},"end":{"line":21,"column":25}},"loc":{"start":{"line":21,"column":36},"end":{"line":31,"column":3}},"line":21},"2":{"name":"(anonymous_2)","decl":{"start":{"line":26,"column":12},"end":{"line":26,"column":13}},"loc":{"start":{"line":26,"column":32},"end":{"line":28,"column":5}},"line":26},"3":{"name":"(anonymous_3)","decl":{"start":{"line":28,"column":13},"end":{"line":28,"column":14}},"loc":{"start":{"line":28,"column":30},"end":{"line":30,"column":5}},"line":28}},"branchMap":{"0":{"loc":{"start":{"line":11,"column":46},"end":{"line":11,"column":92}},"type":"cond-expr","locations":[{"start":{"line":11,"column":70},"end":{"line":11,"column":73}},{"start":{"line":11,"column":76},"end":{"line":11,"column":92}}],"line":11},"1":{"loc":{"start":{"line":11,"column":46},"end":{"line":11,"column":67}},"type":"binary-expr","locations":[{"start":{"line":11,"column":46},"end":{"line":11,"column":49}},{"start":{"line":11,"column":53},"end":{"line":11,"column":67}}],"line":11}},"s":{"0":1,"1":1,"2":1,"3":1,"4":1,"5":1,"6":4,"7":4,"8":0,"9":1},"f":{"0":1,"1":4,"2":4,"3":0},"b":{"0":[0,1],"1":[1,1]},"_coverageSchema":"332fd63041d2c1bcb487cc26dd0d5f7d97098a6c","hash":"4570b16e81c8ff50b7a985c631578ac8c348249f","contentHash":"217bccfd7f7f805439529a672436b53f_11.0.3"},"/Users/andeladeveloper/PostIt/server/controllers/login.js":{"path":"/Users/andeladeveloper/PostIt/server/controllers/login.js","statementMap":{"0":{"start":{"line":3,"column":0},"end":{"line":5,"column":3}},"1":{"start":{"line":7,"column":20},"end":{"line":7,"column":43}},"2":{"start":{"line":9,"column":21},"end":{"line":9,"column":58}},"3":{"start":{"line":11,"column":14},"end":{"line":11,"column":31}},"4":{"start":{"line":13,"column":15},"end":{"line":13,"column":46}},"5":{"start":{"line":15,"column":14},"end":{"line":15,"column":34}},"6":{"start":{"line":17,"column":15},"end":{"line":17,"column":46}},"7":{"start":{"line":19,"column":39},"end":{"line":19,"column":93}},"8":{"start":{"line":21,"column":0},"end":{"line":21,"column":24}},"9":{"start":{"line":22,"column":11},"end":{"line":22,"column":35}},"10":{"start":{"line":23,"column":13},"end":{"line":23,"column":34}},"11":{"start":{"line":30,"column":12},"end":{"line":49,"column":1}},"12":{"start":{"line":32,"column":4},"end":{"line":47,"column":7}},"13":{"start":{"line":33,"column":6},"end":{"line":37,"column":7}},"14":{"start":{"line":34,"column":8},"end":{"line":34,"column":119}},"15":{"start":{"line":35,"column":13},"end":{"line":37,"column":7}},"16":{"start":{"line":36,"column":8},"end":{"line":36,"column":119}},"17":{"start":{"line":38,"column":18},"end":{"line":39,"column":16}},"18":{"start":{"line":40,"column":6},"end":{"line":44,"column":9}},"19":{"start":{"line":46,"column":6},"end":{"line":46,"column":41}},"20":{"start":{"line":50,"column":0},"end":{"line":50,"column":24}}},"fnMap":{"0":{"name":"_interopRequireDefault","decl":{"start":{"line":19,"column":9},"end":{"line":19,"column":31}},"loc":{"start":{"line":19,"column":37},"end":{"line":19,"column":95}},"line":19},"1":{"name":"findUser","decl":{"start":{"line":31,"column":21},"end":{"line":31,"column":29}},"loc":{"start":{"line":31,"column":40},"end":{"line":48,"column":3}},"line":31},"2":{"name":"(anonymous_2)","decl":{"start":{"line":32,"column":73},"end":{"line":32,"column":74}},"loc":{"start":{"line":32,"column":89},"end":{"line":45,"column":5}},"line":32},"3":{"name":"(anonymous_3)","decl":{"start":{"line":45,"column":13},"end":{"line":45,"column":14}},"loc":{"start":{"line":45,"column":30},"end":{"line":47,"column":5}},"line":45}},"branchMap":{"0":{"loc":{"start":{"line":19,"column":46},"end":{"line":19,"column":92}},"type":"cond-expr","locations":[{"start":{"line":19,"column":70},"end":{"line":19,"column":73}},{"start":{"line":19,"column":76},"end":{"line":19,"column":92}}],"line":19},"1":{"loc":{"start":{"line":19,"column":46},"end":{"line":19,"column":67}},"type":"binary-expr","locations":[{"start":{"line":19,"column":46},"end":{"line":19,"column":49}},{"start":{"line":19,"column":53},"end":{"line":19,"column":67}}],"line":19},"2":{"loc":{"start":{"line":33,"column":6},"end":{"line":37,"column":7}},"type":"if","locations":[{"start":{"line":33,"column":6},"end":{"line":37,"column":7}},{"start":{"line":33,"column":6},"end":{"line":37,"column":7}}],"line":33},"3":{"loc":{"start":{"line":35,"column":13},"end":{"line":37,"column":7}},"type":"if","locations":[{"start":{"line":35,"column":13},"end":{"line":37,"column":7}},{"start":{"line":35,"column":13},"end":{"line":37,"column":7}}],"line":35}},"s":{"0":1,"1":1,"2":1,"3":1,"4":1,"5":1,"6":1,"7":3,"8":1,"9":1,"10":1,"11":1,"12":8,"13":8,"14":1,"15":7,"16":1,"17":6,"18":6,"19":0,"20":1},"f":{"0":3,"1":8,"2":8,"3":0},"b":{"0":[0,3],"1":[3,3],"2":[1,7],"3":[1,6]},"_coverageSchema":"332fd63041d2c1bcb487cc26dd0d5f7d97098a6c","hash":"67e2b734bfe397c030d11eb394013d7af2c792fd","contentHash":"e73847db8a638f73c2413071b27028ed_11.0.3"},"/Users/andeladeveloper/PostIt/server/middlewares/auth.js":{"path":"/Users/andeladeveloper/PostIt/server/middlewares/auth.js","statementMap":{"0":{"start":{"line":3,"column":0},"end":{"line":5,"column":3}},"1":{"start":{"line":7,"column":20},"end":{"line":7,"column":43}},"2":{"start":{"line":9,"column":21},"end":{"line":9,"column":58}},"3":{"start":{"line":11,"column":14},"end":{"line":11,"column":31}},"4":{"start":{"line":13,"column":15},"end":{"line":13,"column":46}},"5":{"start":{"line":15,"column":39},"end":{"line":15,"column":93}},"6":{"start":{"line":17,"column":0},"end":{"line":17,"column":24}},"7":{"start":{"line":18,"column":13},"end":{"line":18,"column":34}},"8":{"start":{"line":29,"column":11},"end":{"line":50,"column":1}},"9":{"start":{"line":30,"column":14},"end":{"line":30,"column":80}},"10":{"start":{"line":32,"column":2},"end":{"line":49,"column":3}},"11":{"start":{"line":34,"column":4},"end":{"line":41,"column":7}},"12":{"start":{"line":35,"column":6},"end":{"line":37,"column":7}},"13":{"start":{"line":36,"column":8},"end":{"line":36,"column":98}},"14":{"start":{"line":39,"column":6},"end":{"line":39,"column":28}},"15":{"start":{"line":40,"column":6},"end":{"line":40,"column":13}},"16":{"start":{"line":45,"column":4},"end":{"line":48,"column":7}},"17":{"start":{"line":51,"column":0},"end":{"line":51,"column":23}}},"fnMap":{"0":{"name":"_interopRequireDefault","decl":{"start":{"line":15,"column":9},"end":{"line":15,"column":31}},"loc":{"start":{"line":15,"column":37},"end":{"line":15,"column":95}},"line":15},"1":{"name":"auth","decl":{"start":{"line":29,"column":20},"end":{"line":29,"column":24}},"loc":{"start":{"line":29,"column":41},"end":{"line":50,"column":1}},"line":29},"2":{"name":"(anonymous_2)","decl":{"start":{"line":34,"column":49},"end":{"line":34,"column":50}},"loc":{"start":{"line":34,"column":73},"end":{"line":41,"column":5}},"line":34}},"branchMap":{"0":{"loc":{"start":{"line":15,"column":46},"end":{"line":15,"column":92}},"type":"cond-expr","locations":[{"start":{"line":15,"column":70},"end":{"line":15,"column":73}},{"start":{"line":15,"column":76},"end":{"line":15,"column":92}}],"line":15},"1":{"loc":{"start":{"line":15,"column":46},"end":{"line":15,"column":67}},"type":"binary-expr","locations":[{"start":{"line":15,"column":46},"end":{"line":15,"column":49}},{"start":{"line":15,"column":53},"end":{"line":15,"column":67}}],"line":15},"2":{"loc":{"start":{"line":30,"column":14},"end":{"line":30,"column":80}},"type":"binary-expr","locations":[{"start":{"line":30,"column":14},"end":{"line":30,"column":28}},{"start":{"line":30,"column":32},"end":{"line":30,"column":47}},{"start":{"line":30,"column":51},"end":{"line":30,"column":80}}],"line":30},"3":{"loc":{"start":{"line":32,"column":2},"end":{"line":49,"column":3}},"type":"if","locations":[{"start":{"line":32,"column":2},"end":{"line":49,"column":3}},{"start":{"line":32,"column":2},"end":{"line":49,"column":3}}],"line":32},"4":{"loc":{"start":{"line":35,"column":6},"end":{"line":37,"column":7}},"type":"if","locations":[{"start":{"line":35,"column":6},"end":{"line":37,"column":7}},{"start":{"line":35,"column":6},"end":{"line":37,"column":7}}],"line":35}},"s":{"0":1,"1":1,"2":1,"3":1,"4":1,"5":2,"6":1,"7":1,"8":1,"9":18,"10":18,"11":17,"12":17,"13":1,"14":16,"15":16,"16":1,"17":1},"f":{"0":2,"1":18,"2":17},"b":{"0":[0,2],"1":[2,2],"2":[18,18,18],"3":[17,1],"4":[1,16]},"_coverageSchema":"332fd63041d2c1bcb487cc26dd0d5f7d97098a6c","hash":"0dc036be8be74c303539ac342e749b6580fa82f5","contentHash":"c71d849c3dec6ea78561f7da024d8ce5_11.0.3"},"/Users/andeladeveloper/PostIt/server/middlewares/userValidation.js":{"path":"/Users/andeladeveloper/PostIt/server/middlewares/userValidation.js","statementMap":{"0":{"start":{"line":3,"column":0},"end":{"line":5,"column":3}},"1":{"start":{"line":7,"column":14},"end":{"line":7,"column":34}},"2":{"start":{"line":9,"column":15},"end":{"line":9,"column":46}},"3":{"start":{"line":11,"column":15},"end":{"line":11,"column":44}},"4":{"start":{"line":13,"column":16},"end":{"line":13,"column":48}},"5":{"start":{"line":15,"column":14},"end":{"line":15,"column":42}},"6":{"start":{"line":17,"column":15},"end":{"line":17,"column":46}},"7":{"start":{"line":19,"column":39},"end":{"line":19,"column":93}},"8":{"start":{"line":21,"column":11},"end":{"line":21,"column":35}},"9":{"start":{"line":28,"column":21},"end":{"line":102,"column":1}},"10":{"start":{"line":30,"column":21},"end":{"line":30,"column":23}},"11":{"start":{"line":31,"column":4},"end":{"line":33,"column":5}},"12":{"start":{"line":32,"column":6},"end":{"line":32,"column":34}},"13":{"start":{"line":34,"column":4},"end":{"line":36,"column":5}},"14":{"start":{"line":35,"column":6},"end":{"line":35,"column":31}},"15":{"start":{"line":37,"column":4},"end":{"line":39,"column":5}},"16":{"start":{"line":38,"column":6},"end":{"line":38,"column":30}},"17":{"start":{"line":40,"column":4},"end":{"line":42,"column":5}},"18":{"start":{"line":41,"column":6},"end":{"line":41,"column":34}},"19":{"start":{"line":43,"column":4},"end":{"line":65,"column":5}},"20":{"start":{"line":44,"column":6},"end":{"line":46,"column":7}},"21":{"start":{"line":45,"column":8},"end":{"line":45,"column":138}},"22":{"start":{"line":47,"column":20},"end":{"line":47,"column":37}},"23":{"start":{"line":48,"column":6},"end":{"line":48,"column":126}},"24":{"start":{"line":49,"column":11},"end":{"line":65,"column":5}},"25":{"start":{"line":50,"column":6},"end":{"line":54,"column":7}},"26":{"start":{"line":51,"column":8},"end":{"line":51,"column":128}},"27":{"start":{"line":52,"column":13},"end":{"line":54,"column":7}},"28":{"start":{"line":53,"column":8},"end":{"line":53,"column":111}},"29":{"start":{"line":55,"column":6},"end":{"line":55,"column":151}},"30":{"start":{"line":56,"column":11},"end":{"line":65,"column":5}},"31":{"start":{"line":57,"column":6},"end":{"line":57,"column":127}},"32":{"start":{"line":58,"column":11},"end":{"line":65,"column":5}},"33":{"start":{"line":59,"column":6},"end":{"line":61,"column":7}},"34":{"start":{"line":60,"column":8},"end":{"line":60,"column":120}},"35":{"start":{"line":62,"column":6},"end":{"line":62,"column":131}},"36":{"start":{"line":63,"column":11},"end":{"line":65,"column":5}},"37":{"start":{"line":64,"column":6},"end":{"line":64,"column":170}},"38":{"start":{"line":67,"column":4},"end":{"line":82,"column":7}},"39":{"start":{"line":72,"column":6},"end":{"line":79,"column":7}},"40":{"start":{"line":73,"column":8},"end":{"line":73,"column":15}},"41":{"start":{"line":75,"column":8},"end":{"line":78,"column":11}},"42":{"start":{"line":81,"column":6},"end":{"line":81,"column":41}},"43":{"start":{"line":85,"column":4},"end":{"line":100,"column":7}},"44":{"start":{"line":90,"column":6},"end":{"line":97,"column":7}},"45":{"start":{"line":91,"column":8},"end":{"line":91,"column":15}},"46":{"start":{"line":93,"column":8},"end":{"line":96,"column":11}},"47":{"start":{"line":99,"column":6},"end":{"line":99,"column":41}},"48":{"start":{"line":103,"column":0},"end":{"line":103,"column":33}}},"fnMap":{"0":{"name":"_interopRequireDefault","decl":{"start":{"line":19,"column":9},"end":{"line":19,"column":31}},"loc":{"start":{"line":19,"column":37},"end":{"line":19,"column":95}},"line":19},"1":{"name":"basicValidation","decl":{"start":{"line":29,"column":28},"end":{"line":29,"column":43}},"loc":{"start":{"line":29,"column":60},"end":{"line":83,"column":3}},"line":29},"2":{"name":"(anonymous_2)","decl":{"start":{"line":71,"column":12},"end":{"line":71,"column":13}},"loc":{"start":{"line":71,"column":28},"end":{"line":80,"column":5}},"line":71},"3":{"name":"(anonymous_3)","decl":{"start":{"line":80,"column":13},"end":{"line":80,"column":14}},"loc":{"start":{"line":80,"column":30},"end":{"line":82,"column":5}},"line":80},"4":{"name":"emailValidation","decl":{"start":{"line":84,"column":28},"end":{"line":84,"column":43}},"loc":{"start":{"line":84,"column":60},"end":{"line":101,"column":3}},"line":84},"5":{"name":"(anonymous_5)","decl":{"start":{"line":89,"column":12},"end":{"line":89,"column":13}},"loc":{"start":{"line":89,"column":28},"end":{"line":98,"column":5}},"line":89},"6":{"name":"(anonymous_6)","decl":{"start":{"line":98,"column":13},"end":{"line":98,"column":14}},"loc":{"start":{"line":98,"column":30},"end":{"line":100,"column":5}},"line":98}},"branchMap":{"0":{"loc":{"start":{"line":19,"column":46},"end":{"line":19,"column":92}},"type":"cond-expr","locations":[{"start":{"line":19,"column":70},"end":{"line":19,"column":73}},{"start":{"line":19,"column":76},"end":{"line":19,"column":92}}],"line":19},"1":{"loc":{"start":{"line":19,"column":46},"end":{"line":19,"column":67}},"type":"binary-expr","locations":[{"start":{"line":19,"column":46},"end":{"line":19,"column":49}},{"start":{"line":19,"column":53},"end":{"line":19,"column":67}}],"line":19},"2":{"loc":{"start":{"line":31,"column":4},"end":{"line":33,"column":5}},"type":"if","locations":[{"start":{"line":31,"column":4},"end":{"line":33,"column":5}},{"start":{"line":31,"column":4},"end":{"line":33,"column":5}}],"line":31},"3":{"loc":{"start":{"line":31,"column":8},"end":{"line":31,"column":69}},"type":"binary-expr","locations":[{"start":{"line":31,"column":8},"end":{"line":31,"column":34}},{"start":{"line":31,"column":38},"end":{"line":31,"column":69}}],"line":31},"4":{"loc":{"start":{"line":34,"column":4},"end":{"line":36,"column":5}},"type":"if","locations":[{"start":{"line":34,"column":4},"end":{"line":36,"column":5}},{"start":{"line":34,"column":4},"end":{"line":36,"column":5}}],"line":34},"5":{"loc":{"start":{"line":34,"column":8},"end":{"line":34,"column":63}},"type":"binary-expr","locations":[{"start":{"line":34,"column":8},"end":{"line":34,"column":31}},{"start":{"line":34,"column":35},"end":{"line":34,"column":63}}],"line":34},"6":{"loc":{"start":{"line":37,"column":4},"end":{"line":39,"column":5}},"type":"if","locations":[{"start":{"line":37,"column":4},"end":{"line":39,"column":5}},{"start":{"line":37,"column":4},"end":{"line":39,"column":5}}],"line":37},"7":{"loc":{"start":{"line":37,"column":8},"end":{"line":37,"column":61}},"type":"binary-expr","locations":[{"start":{"line":37,"column":8},"end":{"line":37,"column":30}},{"start":{"line":37,"column":34},"end":{"line":37,"column":61}}],"line":37},"8":{"loc":{"start":{"line":40,"column":4},"end":{"line":42,"column":5}},"type":"if","locations":[{"start":{"line":40,"column":4},"end":{"line":42,"column":5}},{"start":{"line":40,"column":4},"end":{"line":42,"column":5}}],"line":40},"9":{"loc":{"start":{"line":40,"column":8},"end":{"line":40,"column":69}},"type":"binary-expr","locations":[{"start":{"line":40,"column":8},"end":{"line":40,"column":34}},{"start":{"line":40,"column":38},"end":{"line":40,"column":69}}],"line":40},"10":{"loc":{"start":{"line":43,"column":4},"end":{"line":65,"column":5}},"type":"if","locations":[{"start":{"line":43,"column":4},"end":{"line":65,"column":5}},{"start":{"line":43,"column":4},"end":{"line":65,"column":5}}],"line":43},"11":{"loc":{"start":{"line":44,"column":6},"end":{"line":46,"column":7}},"type":"if","locations":[{"start":{"line":44,"column":6},"end":{"line":46,"column":7}},{"start":{"line":44,"column":6},"end":{"line":46,"column":7}}],"line":44},"12":{"loc":{"start":{"line":49,"column":11},"end":{"line":65,"column":5}},"type":"if","locations":[{"start":{"line":49,"column":11},"end":{"line":65,"column":5}},{"start":{"line":49,"column":11},"end":{"line":65,"column":5}}],"line":49},"13":{"loc":{"start":{"line":49,"column":15},"end":{"line":49,"column":127}},"type":"binary-expr","locations":[{"start":{"line":49,"column":15},"end":{"line":49,"column":96}},{"start":{"line":49,"column":100},"end":{"line":49,"column":127}}],"line":49},"14":{"loc":{"start":{"line":50,"column":6},"end":{"line":54,"column":7}},"type":"if","locations":[{"start":{"line":50,"column":6},"end":{"line":54,"column":7}},{"start":{"line":50,"column":6},"end":{"line":54,"column":7}}],"line":50},"15":{"loc":{"start":{"line":50,"column":10},"end":{"line":50,"column":121}},"type":"binary-expr","locations":[{"start":{"line":50,"column":10},"end":{"line":50,"column":91}},{"start":{"line":50,"column":95},"end":{"line":50,"column":121}}],"line":50},"16":{"loc":{"start":{"line":52,"column":13},"end":{"line":54,"column":7}},"type":"if","locations":[{"start":{"line":52,"column":13},"end":{"line":54,"column":7}},{"start":{"line":52,"column":13},"end":{"line":54,"column":7}}],"line":52},"17":{"loc":{"start":{"line":52,"column":17},"end":{"line":52,"column":109}},"type":"binary-expr","locations":[{"start":{"line":52,"column":17},"end":{"line":52,"column":44}},{"start":{"line":52,"column":48},"end":{"line":52,"column":109}}],"line":52},"18":{"loc":{"start":{"line":56,"column":11},"end":{"line":65,"column":5}},"type":"if","locations":[{"start":{"line":56,"column":11},"end":{"line":65,"column":5}},{"start":{"line":56,"column":11},"end":{"line":65,"column":5}}],"line":56},"19":{"loc":{"start":{"line":58,"column":11},"end":{"line":65,"column":5}},"type":"if","locations":[{"start":{"line":58,"column":11},"end":{"line":65,"column":5}},{"start":{"line":58,"column":11},"end":{"line":65,"column":5}}],"line":58},"20":{"loc":{"start":{"line":58,"column":15},"end":{"line":58,"column":104}},"type":"binary-expr","locations":[{"start":{"line":58,"column":15},"end":{"line":58,"column":56}},{"start":{"line":58,"column":60},"end":{"line":58,"column":104}}],"line":58},"21":{"loc":{"start":{"line":59,"column":6},"end":{"line":61,"column":7}},"type":"if","locations":[{"start":{"line":59,"column":6},"end":{"line":61,"column":7}},{"start":{"line":59,"column":6},"end":{"line":61,"column":7}}],"line":59},"22":{"loc":{"start":{"line":63,"column":11},"end":{"line":65,"column":5}},"type":"if","locations":[{"start":{"line":63,"column":11},"end":{"line":65,"column":5}},{"start":{"line":63,"column":11},"end":{"line":65,"column":5}}],"line":63},"23":{"loc":{"start":{"line":63,"column":15},"end":{"line":63,"column":120}},"type":"binary-expr","locations":[{"start":{"line":63,"column":15},"end":{"line":63,"column":43}},{"start":{"line":63,"column":47},"end":{"line":63,"column":120}}],"line":63},"24":{"loc":{"start":{"line":63,"column":49},"end":{"line":63,"column":119}},"type":"binary-expr","locations":[{"start":{"line":63,"column":49},"end":{"line":63,"column":80}},{"start":{"line":63,"column":84},"end":{"line":63,"column":119}}],"line":63},"25":{"loc":{"start":{"line":72,"column":6},"end":{"line":79,"column":7}},"type":"if","locations":[{"start":{"line":72,"column":6},"end":{"line":79,"column":7}},{"start":{"line":72,"column":6},"end":{"line":79,"column":7}}],"line":72},"26":{"loc":{"start":{"line":90,"column":6},"end":{"line":97,"column":7}},"type":"if","locations":[{"start":{"line":90,"column":6},"end":{"line":97,"column":7}},{"start":{"line":90,"column":6},"end":{"line":97,"column":7}}],"line":90}},"s":{"0":1,"1":1,"2":1,"3":1,"4":1,"5":1,"6":1,"7":3,"8":1,"9":1,"10":12,"11":12,"12":1,"13":12,"14":0,"15":12,"16":1,"17":12,"18":0,"19":12,"20":2,"21":2,"22":0,"23":0,"24":10,"25":1,"26":1,"27":0,"28":0,"29":0,"30":9,"31":0,"32":9,"33":1,"34":1,"35":0,"36":8,"37":3,"38":5,"39":5,"40":4,"41":1,"42":0,"43":4,"44":4,"45":4,"46":0,"47":0,"48":1},"f":{"0":3,"1":12,"2":5,"3":0,"4":4,"5":4,"6":0},"b":{"0":[2,1],"1":[3,3],"2":[1,11],"3":[12,12],"4":[0,12],"5":[12,12],"6":[1,11],"7":[12,12],"8":[0,12],"9":[12,12],"10":[2,10],"11":[2,0],"12":[1,9],"13":[10,9],"14":[1,0],"15":[1,1],"16":[0,0],"17":[0,0],"18":[0,9],"19":[1,8],"20":[9,8],"21":[1,0],"22":[3,5],"23":[8,7],"24":[7,6],"25":[4,1],"26":[4,0]},"_coverageSchema":"332fd63041d2c1bcb487cc26dd0d5f7d97098a6c","hash":"afc89b58a0484b5e5420f189761bfdb69c3fc46f","contentHash":"d113e5a09b3a9f6f33ac34ea9979fd71_11.0.3"},"/Users/andeladeveloper/PostIt/server/helpers/isDigit.js":{"path":"/Users/andeladeveloper/PostIt/server/helpers/isDigit.js","statementMap":{"0":{"start":{"line":3,"column":0},"end":{"line":5,"column":3}},"1":{"start":{"line":11,"column":14},"end":{"line":21,"column":1}},"2":{"start":{"line":12,"column":2},"end":{"line":14,"column":3}},"3":{"start":{"line":13,"column":4},"end":{"line":13,"column":17}},"4":{"start":{"line":15,"column":2},"end":{"line":19,"column":3}},"5":{"start":{"line":16,"column":4},"end":{"line":18,"column":5}},"6":{"start":{"line":17,"column":6},"end":{"line":17,"column":19}},"7":{"start":{"line":20,"column":2},"end":{"line":20,"column":14}},"8":{"start":{"line":22,"column":0},"end":{"line":22,"column":26}}},"fnMap":{"0":{"name":"isDigit","decl":{"start":{"line":11,"column":23},"end":{"line":11,"column":30}},"loc":{"start":{"line":11,"column":36},"end":{"line":21,"column":1}},"line":11}},"branchMap":{"0":{"loc":{"start":{"line":12,"column":2},"end":{"line":14,"column":3}},"type":"if","locations":[{"start":{"line":12,"column":2},"end":{"line":14,"column":3}},{"start":{"line":12,"column":2},"end":{"line":14,"column":3}}],"line":12},"1":{"loc":{"start":{"line":16,"column":4},"end":{"line":18,"column":5}},"type":"if","locations":[{"start":{"line":16,"column":4},"end":{"line":18,"column":5}},{"start":{"line":16,"column":4},"end":{"line":18,"column":5}}],"line":16}},"s":{"0":1,"1":1,"2":18,"3":0,"4":18,"5":26,"6":16,"7":2,"8":1},"f":{"0":18},"b":{"0":[0,18],"1":[16,10]},"_coverageSchema":"332fd63041d2c1bcb487cc26dd0d5f7d97098a6c","hash":"396572e7ce84d7d895d25ee202ec418534037223","contentHash":"77f5309ae2cbd689f50d63a8c2ecd840_11.0.3"},"/Users/andeladeveloper/PostIt/server/helpers/isText.js":{"path":"/Users/andeladeveloper/PostIt/server/helpers/isText.js","statementMap":{"0":{"start":{"line":3,"column":0},"end":{"line":5,"column":3}},"1":{"start":{"line":6,"column":13},"end":{"line":16,"column":1}},"2":{"start":{"line":7,"column":2},"end":{"line":9,"column":3}},"3":{"start":{"line":8,"column":4},"end":{"line":8,"column":17}},"4":{"start":{"line":10,"column":2},"end":{"line":14,"column":3}},"5":{"start":{"line":11,"column":4},"end":{"line":13,"column":5}},"6":{"start":{"line":12,"column":6},"end":{"line":12,"column":19}},"7":{"start":{"line":15,"column":2},"end":{"line":15,"column":14}},"8":{"start":{"line":17,"column":0},"end":{"line":17,"column":25}}},"fnMap":{"0":{"name":"isText","decl":{"start":{"line":6,"column":22},"end":{"line":6,"column":28}},"loc":{"start":{"line":6,"column":34},"end":{"line":16,"column":1}},"line":6}},"branchMap":{"0":{"loc":{"start":{"line":7,"column":2},"end":{"line":9,"column":3}},"type":"if","locations":[{"start":{"line":7,"column":2},"end":{"line":9,"column":3}},{"start":{"line":7,"column":2},"end":{"line":9,"column":3}}],"line":7},"1":{"loc":{"start":{"line":11,"column":4},"end":{"line":13,"column":5}},"type":"if","locations":[{"start":{"line":11,"column":4},"end":{"line":13,"column":5}},{"start":{"line":11,"column":4},"end":{"line":13,"column":5}}],"line":11}},"s":{"0":1,"1":1,"2":9,"3":0,"4":9,"5":124,"6":0,"7":9,"8":1},"f":{"0":9},"b":{"0":[0,9],"1":[0,124]},"_coverageSchema":"332fd63041d2c1bcb487cc26dd0d5f7d97098a6c","hash":"4ac4614776448df2d66c4edd0a5d013f7578afe3","contentHash":"8ec0779d43f4c74aacded78e238f8a63_11.0.3"},"/Users/andeladeveloper/PostIt/server/controllers/groupMessages.js":{"path":"/Users/andeladeveloper/PostIt/server/controllers/groupMessages.js","statementMap":{"0":{"start":{"line":3,"column":0},"end":{"line":5,"column":3}},"1":{"start":{"line":7,"column":14},"end":{"line":7,"column":34}},"2":{"start":{"line":9,"column":15},"end":{"line":9,"column":46}},"3":{"start":{"line":11,"column":39},"end":{"line":11,"column":93}},"4":{"start":{"line":13,"column":15},"end":{"line":13,"column":42}},"5":{"start":{"line":20,"column":15},"end":{"line":28,"column":1}},"6":{"start":{"line":22,"column":4},"end":{"line":26,"column":7}},"7":{"start":{"line":23,"column":6},"end":{"line":23,"column":41}},"8":{"start":{"line":25,"column":6},"end":{"line":25,"column":41}},"9":{"start":{"line":30,"column":0},"end":{"line":30,"column":27}}},"fnMap":{"0":{"name":"_interopRequireDefault","decl":{"start":{"line":11,"column":9},"end":{"line":11,"column":31}},"loc":{"start":{"line":11,"column":37},"end":{"line":11,"column":95}},"line":11},"1":{"name":"getPosts","decl":{"start":{"line":21,"column":21},"end":{"line":21,"column":29}},"loc":{"start":{"line":21,"column":40},"end":{"line":27,"column":3}},"line":21},"2":{"name":"(anonymous_2)","decl":{"start":{"line":22,"column":76},"end":{"line":22,"column":77}},"loc":{"start":{"line":22,"column":93},"end":{"line":24,"column":5}},"line":22},"3":{"name":"(anonymous_3)","decl":{"start":{"line":24,"column":13},"end":{"line":24,"column":14}},"loc":{"start":{"line":24,"column":30},"end":{"line":26,"column":5}},"line":24}},"branchMap":{"0":{"loc":{"start":{"line":11,"column":46},"end":{"line":11,"column":92}},"type":"cond-expr","locations":[{"start":{"line":11,"column":70},"end":{"line":11,"column":73}},{"start":{"line":11,"column":76},"end":{"line":11,"column":92}}],"line":11},"1":{"loc":{"start":{"line":11,"column":46},"end":{"line":11,"column":67}},"type":"binary-expr","locations":[{"start":{"line":11,"column":46},"end":{"line":11,"column":49}},{"start":{"line":11,"column":53},"end":{"line":11,"column":67}}],"line":11}},"s":{"0":1,"1":1,"2":1,"3":1,"4":1,"5":1,"6":1,"7":1,"8":0,"9":1},"f":{"0":1,"1":1,"2":1,"3":0},"b":{"0":[0,1],"1":[1,1]},"_coverageSchema":"332fd63041d2c1bcb487cc26dd0d5f7d97098a6c","hash":"29fdfb39ef4368f712148056950056751583ad96","contentHash":"bb0f49f948b66b945a2c2acbd3ec0312_11.0.3"},"/Users/andeladeveloper/PostIt/server/middlewares/groupValidation.js":{"path":"/Users/andeladeveloper/PostIt/server/middlewares/groupValidation.js","statementMap":{"0":{"start":{"line":3,"column":0},"end":{"line":5,"column":3}},"1":{"start":{"line":7,"column":14},"end":{"line":7,"column":34}},"2":{"start":{"line":9,"column":15},"end":{"line":9,"column":46}},"3":{"start":{"line":11,"column":39},"end":{"line":11,"column":93}},"4":{"start":{"line":13,"column":13},"end":{"line":13,"column":36}},"5":{"start":{"line":14,"column":19},"end":{"line":14,"column":48}},"6":{"start":{"line":22,"column":12},"end":{"line":88,"column":1}},"7":{"start":{"line":24,"column":4},"end":{"line":36,"column":7}},"8":{"start":{"line":26,"column":6},"end":{"line":33,"column":7}},"9":{"start":{"line":27,"column":8},"end":{"line":27,"column":15}},"10":{"start":{"line":29,"column":8},"end":{"line":32,"column":11}},"11":{"start":{"line":35,"column":6},"end":{"line":35,"column":41}},"12":{"start":{"line":39,"column":16},"end":{"line":39,"column":21}},"13":{"start":{"line":40,"column":4},"end":{"line":67,"column":7}},"14":{"start":{"line":41,"column":6},"end":{"line":63,"column":7}},"15":{"start":{"line":42,"column":8},"end":{"line":45,"column":11}},"16":{"start":{"line":47,"column":8},"end":{"line":62,"column":11}},"17":{"start":{"line":48,"column":10},"end":{"line":48,"column":24}},"18":{"start":{"line":49,"column":10},"end":{"line":53,"column":13}},"19":{"start":{"line":50,"column":12},"end":{"line":52,"column":13}},"20":{"start":{"line":51,"column":14},"end":{"line":51,"column":27}},"21":{"start":{"line":54,"column":10},"end":{"line":59,"column":11}},"22":{"start":{"line":55,"column":12},"end":{"line":58,"column":15}},"23":{"start":{"line":61,"column":10},"end":{"line":61,"column":45}},"24":{"start":{"line":64,"column":6},"end":{"line":64,"column":13}},"25":{"start":{"line":66,"column":6},"end":{"line":66,"column":41}},"26":{"start":{"line":70,"column":4},"end":{"line":86,"column":7}},"27":{"start":{"line":71,"column":6},"end":{"line":83,"column":7}},"28":{"start":{"line":72,"column":8},"end":{"line":75,"column":11}},"29":{"start":{"line":76,"column":13},"end":{"line":83,"column":7}},"30":{"start":{"line":77,"column":8},"end":{"line":77,"column":15}},"31":{"start":{"line":79,"column":8},"end":{"line":82,"column":11}},"32":{"start":{"line":85,"column":6},"end":{"line":85,"column":41}},"33":{"start":{"line":89,"column":0},"end":{"line":89,"column":24}}},"fnMap":{"0":{"name":"_interopRequireDefault","decl":{"start":{"line":11,"column":9},"end":{"line":11,"column":31}},"loc":{"start":{"line":11,"column":37},"end":{"line":11,"column":95}},"line":11},"1":{"name":"groupValidation","decl":{"start":{"line":23,"column":28},"end":{"line":23,"column":43}},"loc":{"start":{"line":23,"column":60},"end":{"line":37,"column":3}},"line":23},"2":{"name":"(anonymous_2)","decl":{"start":{"line":25,"column":45},"end":{"line":25,"column":46}},"loc":{"start":{"line":25,"column":62},"end":{"line":34,"column":5}},"line":25},"3":{"name":"(anonymous_3)","decl":{"start":{"line":34,"column":13},"end":{"line":34,"column":14}},"loc":{"start":{"line":34,"column":30},"end":{"line":36,"column":5}},"line":34},"4":{"name":"getGroupInformationValidation","decl":{"start":{"line":38,"column":42},"end":{"line":38,"column":71}},"loc":{"start":{"line":38,"column":88},"end":{"line":68,"column":3}},"line":38},"5":{"name":"(anonymous_5)","decl":{"start":{"line":40,"column":70},"end":{"line":40,"column":71}},"loc":{"start":{"line":40,"column":87},"end":{"line":65,"column":5}},"line":40},"6":{"name":"(anonymous_6)","decl":{"start":{"line":47,"column":78},"end":{"line":47,"column":79}},"loc":{"start":{"line":47,"column":97},"end":{"line":60,"column":9}},"line":47},"7":{"name":"(anonymous_7)","decl":{"start":{"line":49,"column":26},"end":{"line":49,"column":27}},"loc":{"start":{"line":49,"column":44},"end":{"line":53,"column":11}},"line":49},"8":{"name":"(anonymous_8)","decl":{"start":{"line":60,"column":17},"end":{"line":60,"column":18}},"loc":{"start":{"line":60,"column":34},"end":{"line":62,"column":9}},"line":60},"9":{"name":"(anonymous_9)","decl":{"start":{"line":65,"column":13},"end":{"line":65,"column":14}},"loc":{"start":{"line":65,"column":30},"end":{"line":67,"column":5}},"line":65},"10":{"name":"deleteGroupValidation","decl":{"start":{"line":69,"column":34},"end":{"line":69,"column":55}},"loc":{"start":{"line":69,"column":72},"end":{"line":87,"column":3}},"line":69},"11":{"name":"(anonymous_11)","decl":{"start":{"line":70,"column":63},"end":{"line":70,"column":64}},"loc":{"start":{"line":70,"column":80},"end":{"line":84,"column":5}},"line":70},"12":{"name":"(anonymous_12)","decl":{"start":{"line":84,"column":13},"end":{"line":84,"column":14}},"loc":{"start":{"line":84,"column":30},"end":{"line":86,"column":5}},"line":84}},"branchMap":{"0":{"loc":{"start":{"line":11,"column":46},"end":{"line":11,"column":92}},"type":"cond-expr","locations":[{"start":{"line":11,"column":7
[...]
ous_15)","decl":{"start":{"line":80,"column":202},"end":{"line":80,"column":203}},"loc":{"start":{"line":80,"column":222},"end":{"line":84,"column":5}},"line":80},"16":{"name":"(anonymous_16)","decl":{"start":{"line":87,"column":57},"end":{"line":87,"column":58}},"loc":{"start":{"line":87,"column":73},"end":{"line":93,"column":3}},"line":87},"17":{"name":"(anonymous_17)","decl":{"start":{"line":88,"column":92},"end":{"line":88,"column":93}},"loc":{"start":{"line":88,"column":112},"end":{"line":92,"column":5}},"line":88},"18":{"name":"(anonymous_18)","decl":{"start":{"line":95,"column":61},"end":{"line":95,"column":62}},"loc":{"start":{"line":95,"column":77},"end":{"line":102,"column":3}},"line":95},"19":{"name":"(anonymous_19)","decl":{"start":{"line":96,"column":204},"end":{"line":96,"column":205}},"loc":{"start":{"line":96,"column":224},"end":{"line":101,"column":5}},"line":96},"20":{"name":"(anonymous_20)","decl":{"start":{"line":103,"column":66},"end":{"line":103,"column":67}},"loc":{"start":{"line":103,"column":82},"end":{"line":109,"column":3}},"line":103},"21":{"name":"(anonymous_21)","decl":{"start":{"line":104,"column":92},"end":{"line":104,"column":93}},"loc":{"start":{"line":104,"column":112},"end":{"line":108,"column":5}},"line":104}},"branchMap":{"0":{"loc":{"start":{"line":25,"column":46},"end":{"line":25,"column":92}},"type":"cond-expr","locations":[{"start":{"line":25,"column":70},"end":{"line":25,"column":73}},{"start":{"line":25,"column":76},"end":{"line":25,"column":92}}],"line":25},"1":{"loc":{"start":{"line":25,"column":46},"end":{"line":25,"column":67}},"type":"binary-expr","locations":[{"start":{"line":25,"column":46},"end":{"line":25,"column":49}},{"start":{"line":25,"column":53},"end":{"line":25,"column":67}}],"line":25}},"s":{"0":1,"1":1,"2":1,"3":1,"4":1,"5":1,"6":1,"7":1,"8":1,"9":1,"10":1,"11":4,"12":1,"13":1,"14":1,"15":1,"16":1,"17":1,"18":1,"19":1,"20":1,"21":1,"22":1,"23":1,"24":1,"25":1,"26":1,"27":1,"28":1,"29":1,"30":1,"31":1,"32":1,"33":1,"34":1,"35":1,"36":1,"37":1,"38":1,"39":1,"40":1,"41":1,"42":1,"43":1,"44":1,"45":1,"46":1,"47":1,"48":1,"49":1,"50":1,"51":1,"52":1,"53":1,"54":1,"55":1,"56":1,"57":1,"58":1,"59":1,"60":1,"61":1,"62":1,"63":1,"64":1,"65":1},"f":{"0":4,"1":1,"2":1,"3":1,"4":1,"5":1,"6":1,"7":1,"8":1,"9":1,"10":1,"11":1,"12":1,"13":1,"14":1,"15":1,"16":1,"17":1,"18":1,"19":1,"20":1,"21":1},"b":{"0":[2,2],"1":[4,4]},"_coverageSchema":"332fd63041d2c1bcb487cc26dd0d5f7d97098a6c","hash":"92b5fd01089fb37422c889346cd3106c8364c795","contentHash":"3d0c60b13a056b8e19c0804e58f3e2a3_11.0.3"},"/Users/andeladeveloper/PostIt/server/seeders/groupSeeders.js":{"path":"/Users/andeladeveloper/PostIt/server/seeders/groupSeeders.js","statementMap":{"0":{"start":{"line":3,"column":0},"end":{"line":5,"column":3}},"1":{"start":{"line":6,"column":19},"end":{"line":21,"column":26}},"2":{"start":{"line":22,"column":0},"end":{"line":22,"column":31}}},"fnMap":{},"branchMap":{},"s":{"0":1,"1":1,"2":1},"f":{},"b":{},"_coverageSchema":"332fd63041d2c1bcb487cc26dd0d5f7d97098a6c","hash":"9f792f73dab2a5c22bbc8d64b81d3fcb59ad28be","contentHash":"412e7feeee64567069aa8d8410fa8f0a_11.0.3"},"/Users/andeladeveloper/PostIt/server/test/zgroupMessages.js":{"path":"/Users/andeladeveloper/PostIt/server/test/zgroupMessages.js","statementMap":{"0":{"start":{"line":3,"column":17},"end":{"line":3,"column":37}},"1":{"start":{"line":5,"column":18},"end":{"line":5,"column":52}},"2":{"start":{"line":7,"column":0},"end":{"line":7,"column":17}},"3":{"start":{"line":9,"column":0},"end":{"line":9,"column":16}},"4":{"start":{"line":11,"column":14},"end":{"line":11,"column":31}},"5":{"start":{"line":13,"column":15},"end":{"line":13,"column":46}},"6":{"start":{"line":15,"column":11},"end":{"line":15,"column":33}},"7":{"start":{"line":17,"column":12},"end":{"line":17,"column":40}},"8":{"start":{"line":19,"column":19},"end":{"line":19,"column":54}},"9":{"start":{"line":21,"column":28},"end":{"line":21,"column":72}},"10":{"start":{"line":23,"column":29},"end":{"line":23,"column":74}},"11":{"start":{"line":25,"column":39},"end":{"line":25,"column":93}},"12":{"start":{"line":27,"column":13},"end":{"line":27,"column":53}},"13":{"start":{"line":28,"column":18},"end":{"line":28,"column":24}},"14":{"start":{"line":30,"column":0},"end":{"line":39,"column":3}},"15":{"start":{"line":31,"column":2},"end":{"line":38,"column":5}},"16":{"start":{"line":32,"column":4},"end":{"line":37,"column":7}},"17":{"start":{"line":33,"column":6},"end":{"line":33,"column":35}},"18":{"start":{"line":34,"column":6},"end":{"line":34,"column":35}},"19":{"start":{"line":35,"column":6},"end":{"line":35,"column":42}},"20":{"start":{"line":36,"column":6},"end":{"line":36,"column":13}},"21":{"start":{"line":41,"column":0},"end":{"line":77,"column":3}},"22":{"start":{"line":42,"column":2},"end":{"line":48,"column":5}},"23":{"start":{"line":43,"column":4},"end":{"line":47,"column":7}},"24":{"start":{"line":44,"column":6},"end":{"line":44,"column":35}},"25":{"start":{"line":45,"column":6},"end":{"line":45,"column":64}},"26":{"start":{"line":46,"column":6},"end":{"line":46,"column":13}},"27":{"start":{"line":50,"column":2},"end":{"line":56,"column":5}},"28":{"start":{"line":51,"column":4},"end":{"line":55,"column":7}},"29":{"start":{"line":52,"column":6},"end":{"line":52,"column":35}},"30":{"start":{"line":53,"column":6},"end":{"line":53,"column":38}},"31":{"start":{"line":54,"column":6},"end":{"line":54,"column":13}},"32":{"start":{"line":57,"column":2},"end":{"line":63,"column":5}},"33":{"start":{"line":58,"column":4},"end":{"line":62,"column":7}},"34":{"start":{"line":59,"column":6},"end":{"line":59,"column":35}},"35":{"start":{"line":60,"column":6},"end":{"line":60,"column":38}},"36":{"start":{"line":61,"column":6},"end":{"line":61,"column":13}},"37":{"start":{"line":64,"column":2},"end":{"line":70,"column":5}},"38":{"start":{"line":65,"column":4},"end":{"line":69,"column":7}},"39":{"start":{"line":66,"column":6},"end":{"line":66,"column":35}},"40":{"start":{"line":67,"column":6},"end":{"line":67,"column":38}},"41":{"start":{"line":68,"column":6},"end":{"line":68,"column":13}},"42":{"start":{"line":71,"column":2},"end":{"line":76,"column":5}},"43":{"start":{"line":72,"column":4},"end":{"line":75,"column":7}},"44":{"start":{"line":73,"column":6},"end":{"line":73,"column":35}},"45":{"start":{"line":74,"column":6},"end":{"line":74,"column":13}}},"fnMap":{"0":{"name":"_interopRequireDefault","decl":{"start":{"line":25,"column":9},"end":{"line":25,"column":31}},"loc":{"start":{"line":25,"column":37},"end":{"line":25,"column":95}},"line":25},"1":{"name":"(anonymous_1)","decl":{"start":{"line":30,"column":25},"end":{"line":30,"column":26}},"loc":{"start":{"line":30,"column":37},"end":{"line":39,"column":1}},"line":30},"2":{"name":"(anonymous_2)","decl":{"start":{"line":31,"column":55},"end":{"line":31,"column":56}},"loc":{"start":{"line":31,"column":71},"end":{"line":38,"column":3}},"line":31},"3":{"name":"(anonymous_3)","decl":{"start":{"line":32,"column":169},"end":{"line":32,"column":170}},"loc":{"start":{"line":32,"column":189},"end":{"line":37,"column":5}},"line":32},"4":{"name":"(anonymous_4)","decl":{"start":{"line":41,"column":25},"end":{"line":41,"column":26}},"loc":{"start":{"line":41,"column":37},"end":{"line":77,"column":1}},"line":41},"5":{"name":"(anonymous_5)","decl":{"start":{"line":42,"column":70},"end":{"line":42,"column":71}},"loc":{"start":{"line":42,"column":86},"end":{"line":48,"column":3}},"line":42},"6":{"name":"(anonymous_6)","decl":{"start":{"line":43,"column":216},"end":{"line":43,"column":217}},"loc":{"start":{"line":43,"column":236},"end":{"line":47,"column":5}},"line":43},"7":{"name":"(anonymous_7)","decl":{"start":{"line":50,"column":70},"end":{"line":50,"column":71}},"loc":{"start":{"line":50,"column":86},"end":{"line":56,"column":3}},"line":50},"8":{"name":"(anonymous_8)","decl":{"start":{"line":51,"column":216},"end":{"line":51,"column":217}},"loc":{"start":{"line":51,"column":236},"end":{"line":55,"column":5}},"line":51},"9":{"name":"(anonymous_9)","decl":{"start":{"line":57,"column":70},"end":{"line":57,"column":71}},"loc":{"start":{"line":57,"column":86},"end":{"line":63,"column":3}},"line":57},"10":{"name":"(anonymous_10)","decl":{"start":{"line":58,"column":216},"end":{"line":58,"column":217}},"loc":{"start":{"line":58,"column":236},"end":{"line":62,"column":5}},"line":58},"11":{"name":"(anonymous_11)","decl":{"start":{"line":64,"column":70},"end":{"line":64,"column":71}},"loc":{"start":{"line":64,"column":86},"end":{"line":70,"column":3}},"line":64},"12":{"name":"(anonymous_12)","decl":{"start":{"line":65,"column":216},"end":{"line":65,"column":217}},"loc":{"start":{"line":65,"column":236},"end":{"line":69,"column":5}},"line":65},"13":{"name":"(anonymous_13)","decl":{"start":{"line":71,"column":76},"end":{"line":71,"column":77}},"loc":{"start":{"line":71,"column":92},"end":{"line":76,"column":3}},"line":71},"14":{"name":"(anonymous_14)","decl":{"start":{"line":72,"column":123},"end":{"line":72,"column":124}},"loc":{"start":{"line":72,"column":143},"end":{"line":75,"column":5}},"line":72}},"branchMap":{"0":{"loc":{"start":{"line":25,"column":46},"end":{"line":25,"column":92}},"type":"cond-expr","locations":[{"start":{"line":25,"column":70},"end":{"line":25,"column":73}},{"start":{"line":25,"column":76},"end":{"line":25,"column":92}}],"line":25},"1":{"loc":{"start":{"line":25,"column":46},"end":{"line":25,"column":67}},"type":"binary-expr","locations":[{"start":{"line":25,"column":46},"end":{"line":25,"column":49}},{"start":{"line":25,"column":53},"end":{"line":25,"column":67}}],"line":25}},"s":{"0":1,"1":1,"2":1,"3":1,"4":1,"5":1,"6":1,"7":1,"8":1,"9":1,"10":1,"11":4,"12":1,"13":1,"14":1,"15":1,"16":1,"17":1,"18":1,"19":1,"20":1,"21":1,"22":1,"23":1,"24":1,"25":1,"26":1,"27":1,"28":1,"29":1,"30":1,"31":1,"32":1,"33":1,"34":1,"35":1,"36":1,"37":1,"38":1,"39":1,"40":1,"41":1,"42":1,"43":1,"44":1,"45":1},"f":{"0":4,"1":1,"2":1,"3":1,"4":1,"5":1,"6":1,"7":1,"8":1,"9":1,"10":1,"11":1,"12":1,"13":1,"14":1},"b":{"0":[2,2],"1":[4,4]},"_coverageSchema":"332fd63041d2c1bcb487cc26dd0d5f7d97098a6c","hash":"9b5ebd5bca37365c2899449b689bc7561ac5456a","contentHash":"3714d9dbf03cabdce90c07e09af33b0e_11.0.3"},"/Users/andeladeveloper/PostIt/server/seeders/groupMessagesSeeders.js":{"path":"/Users/andeladeveloper/PostIt/server/seeders/groupMessagesSeeders.js","statementMap":{"0":{"start":{"line":3,"column":0},"end":{"line":5,"column":3}},"1":{"start":{"line":6,"column":15},"end":{"line":14,"column":2}},"2":{"start":{"line":16,"column":0},"end":{"line":16,"column":27}}},"fnMap":{},"branchMap":{},"s":{"0":1,"1":1,"2":1},"f":{},"b":{},"_coverageSchema":"332fd63041d2c1bcb487cc26dd0d5f7d97098a6c","hash":"f0badcdc757bada664f83a2e276b1114126ee43e","contentHash":"e63302587f8413e51dd3d90f190e86f6_11.0.3"},"/Users/andeladeveloper/PostIt/server/test/zmembers-test.js":{"path":"/Users/andeladeveloper/PostIt/server/test/zmembers-test.js","statementMap":{"0":{"start":{"line":3,"column":17},"end":{"line":3,"column":37}},"1":{"start":{"line":5,"column":18},"end":{"line":5,"column":52}},"2":{"start":{"line":7,"column":0},"end":{"line":7,"column":17}},"3":{"start":{"line":9,"column":0},"end":{"line":9,"column":16}},"4":{"start":{"line":11,"column":14},"end":{"line":11,"column":31}},"5":{"start":{"line":13,"column":15},"end":{"line":13,"column":46}},"6":{"start":{"line":15,"column":11},"end":{"line":15,"column":33}},"7":{"start":{"line":17,"column":12},"end":{"line":17,"column":40}},"8":{"start":{"line":19,"column":19},"end":{"line":19,"column":54}},"9":{"start":{"line":21,"column":27},"end":{"line":21,"column":68}},"10":{"start":{"line":23,"column":39},"end":{"line":23,"column":93}},"11":{"start":{"line":25,"column":13},"end":{"line":25,"column":53}},"12":{"start":{"line":26,"column":18},"end":{"line":26,"column":24}},"13":{"start":{"line":28,"column":0},"end":{"line":37,"column":3}},"14":{"start":{"line":29,"column":2},"end":{"line":36,"column":5}},"15":{"start":{"line":30,"column":4},"end":{"line":35,"column":7}},"16":{"start":{"line":31,"column":6},"end":{"line":31,"column":35}},"17":{"start":{"line":32,"column":6},"end":{"line":32,"column":35}},"18":{"start":{"line":33,"column":6},"end":{"line":33,"column":42}},"19":{"start":{"line":34,"column":6},"end":{"line":34,"column":13}},"20":{"start":{"line":39,"column":0},"end":{"line":94,"column":3}},"21":{"start":{"line":40,"column":2},"end":{"line":46,"column":5}},"22":{"start":{"line":41,"column":4},"end":{"line":45,"column":7}},"23":{"start":{"line":42,"column":6},"end":{"line":42,"column":35}},"24":{"start":{"line":43,"column":6},"end":{"line":43,"column":40}},"25":{"start":{"line":44,"column":6},"end":{"line":44,"column":13}},"26":{"start":{"line":48,"column":2},"end":{"line":54,"column":5}},"27":{"start":{"line":49,"column":4},"end":{"line":53,"column":7}},"28":{"start":{"line":50,"column":6},"end":{"line":50,"column":35}},"29":{"start":{"line":51,"column":6},"end":{"line":51,"column":40}},"30":{"start":{"line":52,"column":6},"end":{"line":52,"column":13}},"31":{"start":{"line":56,"column":2},"end":{"line":62,"column":5}},"32":{"start":{"line":57,"column":4},"end":{"line":61,"column":7}},"33":{"start":{"line":58,"column":6},"end":{"line":58,"column":35}},"34":{"start":{"line":59,"column":6},"end":{"line":59,"column":40}},"35":{"start":{"line":60,"column":6},"end":{"line":60,"column":13}},"36":{"start":{"line":64,"column":2},"end":{"line":69,"column":5}},"37":{"start":{"line":65,"column":4},"end":{"line":68,"column":7}},"38":{"start":{"line":66,"column":6},"end":{"line":66,"column":35}},"39":{"start":{"line":67,"column":6},"end":{"line":67,"column":13}},"40":{"start":{"line":71,"column":2},"end":{"line":76,"column":5}},"41":{"start":{"line":72,"column":4},"end":{"line":75,"column":7}},"42":{"start":{"line":73,"column":6},"end":{"line":73,"column":35}},"43":{"start":{"line":74,"column":6},"end":{"line":74,"column":13}},"44":{"start":{"line":78,"column":2},"end":{"line":84,"column":5}},"45":{"start":{"line":79,"column":4},"end":{"line":83,"column":7}},"46":{"start":{"line":80,"column":6},"end":{"line":80,"column":35}},"47":{"start":{"line":81,"column":6},"end":{"line":81,"column":100}},"48":{"start":{"line":82,"column":6},"end":{"line":82,"column":13}},"49":{"start":{"line":86,"column":2},"end":{"line":93,"column":5}},"50":{"start":{"line":87,"column":4},"end":{"line":92,"column":7}},"51":{"start":{"line":88,"column":6},"end":{"line":88,"column":35}},"52":{"start":{"line":89,"column":6},"end":{"line":89,"column":35}},"53":{"start":{"line":90,"column":6},"end":{"line":90,"column":42}},"54":{"start":{"line":91,"column":6},"end":{"line":91,"column":13}}},"fnMap":{"0":{"name":"_interopRequireDefault","decl":{"start":{"line":23,"column":9},"end":{"line":23,"column":31}},"loc":{"start":{"line":23,"column":37},"end":{"line":23,"column":95}},"line":23},"1":{"name":"(anonymous_1)","decl":{"start":{"line":28,"column":25},"end":{"line":28,"column":26}},"loc":{"start":{"line":28,"column":37},"end":{"line":37,"column":1}},"line":28},"2":{"name":"(anonymous_2)","decl":{"start":{"line":29,"column":55},"end":{"line":29,"column":56}},"loc":{"start":{"line":29,"column":71},"end":{"line":36,"column":3}},"line":29},"3":{"name":"(anonymous_3)","decl":{"start":{"line":30,"column":169},"end":{"line":30,"column":170}},"loc":{"start":{"line":30,"column":189},"end":{"line":35,"column":5}},"line":30},"4":{"name":"(anonymous_4)","decl":{"start":{"line":39,"column":25},"end":{"line":39,"column":26}},"loc":{"start":{"line":39,"column":37},"end":{"line":94,"column":1}},"line":39},"5":{"name":"(anonymous_5)","decl":{"start":{"line":40,"column":70},"end":{"line":40,"column":71}},"loc":{"start":{"line":40,"column":86},"end":{"line":46,"column":3}},"line":40},"6":{"name":"(anonymous_6)","decl":{"start":{"line":41,"column":211},"end":{"line":41,"column":212}},"loc":{"start":{"line":41,"column":231},"end":{"line":45,"column":5}},"line":41},"7":{"name":"(anonymous_7)","decl":{"start":{"line":48,"column":70},"end":{"line":48,"column":71}},"loc":{"start":{"line":48,"column":86},"end":{"line":54,"column":3}},"line":48},"8":{"name":"(anonymous_8)","decl":{"start":{"line":49,"column":211},"end":{"line":49,"column":212}},"loc":{"start":{"line":49,"column":231},"end":{"line":53,"column":5}},"line":49},"9":{"name":"(anonymous_9)","decl":{"start":{"line":56,"column":70},"end":{"line":56,"column":71}},"loc":{"start":{"line":56,"column":86},"end":{"line":62,"column":3}},"line":56},"10":{"name":"(anonymous_10)","decl":{"start":{"line":57,"column":211},"end":{"line":57,"column":212}},"loc":{"start":{"line":57,"column":231},"end":{"line":61,"column":5}},"line":57},"11":{"name":"(anonymous_11)","decl":{"start":{"line":64,"column":85},"end":{"line":64,"column":86}},"loc":{"start":{"line":64,"column":101},"end":{"line":69,"column":3}},"line":64},"12":{"name":"(anonymous_12)","decl":{"start":{"line":65,"column":175},"end":{"line":65,"column":176}},"loc":{"start":{"line":65,"column":195},"end":{"line":68,"column":5}},"line":65},"13":{"name":"(anonymous_13)","decl":{"start":{"line":71,"column":82},"end":{"line":71,"column":83}},"loc":{"start":{"line":71,"column":98},"end":{"line":76,"column":3}},"line":71},"14":{"name":"(anonymous_14)","decl":{"start":{"line":72,"column":178},"end":{"line":72,"column":179}},"loc":{"start":{"line":72,"column":198},"end":{"line":75,"column":5}},"line":72},"15":{"name":"(anonymous_15)","decl":{"start":{"line":78,"column":57},"end":{"line":78,"column":58}},"loc":{"start":{"line":78,"column":73},"end":{"line":84,"column":3}},"line":78},"16":{"name":"(anonymous_16)","decl":{"start":{"line":79,"column":92},"end":{"line":79,"column":93}},"loc":{"start":{"line":79,"column":112},"end":{"line":83,"column":5}},"line":79},"17":{"name":"(anonymous_17)","decl":{"start":{"line":86,"column":61},"end":{"line":86,"column":62}},"loc":{"start":{"line":86,"column":77},"end":{"line":93,"column":3}},"line":86},"18":{"name":"(anonymous_18)","decl":{"start":{"line":87,"column":204},"end":{"line":87,"column":205}},"loc":{"start":{"line":87,"column":224},"end":{"line":92,"column":5}},"line":87}},"branchMap":{"0":{"loc":{"start":{"line":23,"column":46},"end":{"line":23,"column":92}},"type":"cond-expr","locations":[{"start":{"line":23,"column":70},"end":{"line":23,"column":73}},{"start":{"line":23,"column":76},"end":{"line":23,"column":92}}],"line":23},"1":{"loc":{"start":{"line":23,"column":46},"end":{"line":23,"column":67}},"type":"binary-expr","locations":[{"start":{"line":23,"column":46},"end":{"line":23,"column":49}},{"start":{"line":23,"column":53},"end":{"line":23,"column":67}}],"line":23}},"s":{"0":1,"1":1,"2":1,"3":1,"4":1,"5":1,"6":1,"7":1,"8":1,"9":1,"10":3,"11":1,"12":1,"13":1,"14":1,"15":1,"16":1,"17":1,"18":1,"19":1,"20":1,"21":1,"22":1,"23":1,"24":1,"25":1,"26":1,"27":1,"28":1,"29":1,"30":1,"31":1,"32":1,"33":1,"34":1,"35":1,"36":1,"37":1,"38":1,"39":1,"40":1,"41":1,"42":1,"43":1,"44":1,"45":1,"46":1,"47":1,"48":1,"49":1,"50":1,"51":1,"52":1,"53":1,"54":1},"f":{"0":3,"1":1,"2":1,"3":1,"4":1,"5":1,"6":1,"7":1,"8":1,"9":1,"10":1,"11":1,"12":1,"13":1,"14":1,"15":1,"16":1,"17":1,"18":1},"b":{"0":[1,2],"1":[3,3]},"_coverageSchema":"332fd63041d2c1bcb487cc26dd0d5f7d97098a6c","hash":"e4f9ab2e5eef8462f62a0bb592dd5d8eee17f871","contentHash":"ae810b80a40ca8a0fb70cef7fe56926a_11.0.3"},"/Users/andeladeveloper/PostIt/server/seeders/groupMembersSeeders.js":{"path":"/Users/andeladeveloper/PostIt/server/seeders/groupMembersSeeders.js","statementMap":{"0":{"start":{"line":3,"column":0},"end":{"line":5,"column":3}},"1":{"start":{"line":6,"column":14},"end":{"line":14,"column":2}},"2":{"start":{"line":16,"column":17},"end":{"line":20,"column":2}}},"fnMap":{},"branchMap":{},"s":{"0":1,"1":1,"2":1},"f":{},"b":{},"_coverageSchema":"332fd63041d2c1bcb487cc26dd0d5f7d97098a6c","hash":"9b4899cddf8ce99530a3d4997de9d860dea62cfa","contentHash":"ee40c3f7831eed7f25f045628e0f1983_11.0.3"}}